[03:59:57] [ServerMain/INFO]: [bootstrap] Running Java 21 (OpenJDK 64-Bit Server VM 21.0.9+10-Ubuntu-124.04; Ubuntu null) on Linux 6.8.0-1030-azure (amd64)
[03:59:57] [ServerMain/INFO]: [bootstrap] Loading Paper 1.21.1-132-ver/1.21.1@b48403b (2024-11-21T10:14:27Z) for Minecraft 1.21.1
[03:59:58] [ServerMain/INFO]: [PluginInitializerManager] Initializing plugins...
[03:59:59] [Paper Plugin Remapper Thread - 1/INFO]: [PluginRemapper] Remapping plugin 'plugins/PvPManager.jar'...
[03:59:59] [Paper Plugin Remapper Thread - 0/INFO]: [PluginRemapper] Remapping plugin 'plugins/SkinsRestorer.jar'...
[04:00:00] [Paper Plugin Remapper Thread - 1/INFO]: [PluginRemapper] Done remapping plugin 'plugins/PvPManager.jar' in 1128ms.
[04:00:02] [Paper Plugin Remapper Thread - 0/INFO]: [PluginRemapper] Done remapping plugin 'plugins/SkinsRestorer.jar' in 3190ms.
[04:00:03] [ServerMain/INFO]: [PluginInitializerManager] Initialized 40 plugins
[04:00:03] [ServerMain/INFO]: [PluginInitializerManager] Paper plugins (1):
 - EconomyShopGUI (6.9.1)
[04:00:03] [ServerMain/INFO]: [PluginInitializerManager] Bukkit plugins (39):
 - AnimatedScoreboard (0.3.5), BetterTeams (4.10.0), CMILib (1.5.2.3), ChatManager (4.0.2), Chunky (1.4.28), ConditionalEvents (4.57.5), ConsoleSpamFix (1.10.0), DeluxeMenus (1.14.1-DEV-184), Essentials (2.21.0-dev+149-424816e), EssentialsChat (2.21.0-dev+149-424816e), EssentialsSpawn (2.21.0-dev+149-424816e), HMCCosmetics (2.7.3), HibiscusCommons (0.4.6), ItemsAdder (4.0.6), Jobs (5.2.4.5), LoneLibs (1.0.63), LuckPerms (5.4.131), MCPets (4.1.4), ModelEngine (R4.0.7), Multiverse-Core (4.3.14), MyCommand (5.7.4), MythicCrucible (2.1.0-SNAPSHOT), MythicMobs (5.8.0-SNAPSHOT-7b1a5e36), Orebfuscator (5.5.1), PlaceholderAPI (2.11.6), ProtocolLib (5.4.0-SNAPSHOT-739), PvPManager (3.19.3), Quests (3.15.2-b216e2b), SepareWorldItems (1.2.21), ShopGUIPlus (1.101.1), Shopkeepers (2.23.3), SkinsRestorer (15.6.5), TAB (5.0.3), Vault (1.7.3-b131), WorldEdit (7.3.9+6959-7adf70b), WorldGuard (7.0.12+829a4a4), XConomy (2.26.3), nAntiBot (6.1.26), nLogin (10.4.18)
[04:00:10] [ServerMain/INFO]: Environment: Environment[sessionHost=https://sessionserver.mojang.com, servicesHost=https://api.minecraftservices.com, name=PROD]
[04:00:12] [ServerMain/INFO]: Loaded 1290 recipes
[04:00:13] [ServerMain/INFO]: Loaded 1399 advancements
[04:00:13] [Server thread/INFO]: Starting minecraft server version 1.21.1
[04:00:13] [Server thread/INFO]: Loading properties
[04:00:13] [Server thread/INFO]: This server is running Paper version 1.21.1-132-ver/1.21.1@b48403b (2024-11-21T10:14:27Z) (Implementing API version 1.21.1-R0.1-SNAPSHOT)
[04:00:14] [Server thread/INFO]: [spark] This server bundles the spark profiler. For more information please visit https://docs.papermc.io/paper/profiling
[04:00:14] [Server thread/INFO]: Server Ping Player Sample Count: 12
[04:00:14] [Server thread/INFO]: Using 4 threads for Netty based IO
[04:00:16] [Server thread/INFO]: [ChunkTaskScheduler] Chunk system is using 1 I/O threads, 1 worker threads, and population gen parallelism of 1 threads
[04:00:16] [Server thread/INFO]: Default game type: SURVIVAL
[04:00:16] [Server thread/INFO]: Generating keypair
[04:00:16] [Server thread/INFO]: Starting Minecraft server on 0.0.0.0:25565
[04:00:16] [Server thread/INFO]: Using epoll channel type
[04:00:16] [Server thread/INFO]: Paper: Using libdeflate (Linux x86_64) compression from Velocity.
[04:00:16] [Server thread/INFO]: Paper: Using OpenSSL 3.x.x (Linux x86_64) cipher from Velocity.
[04:00:17] [Server thread/INFO]: [SpigotLibraryLoader] [MythicMobs] Loading 4 libraries... please wait
[04:00:17] [Server thread/INFO]: [SpigotLibraryLoader] [MythicMobs] Loaded library /workspaces/TestServer/servidor_minecraft/libraries/net/kyori/adventure-api/4.16.0/adventure-api-4.16.0.jar
[04:00:17] [Server thread/INFO]: [SpigotLibraryLoader] [MythicMobs] Loaded library /workspaces/TestServer/servidor_minecraft/libraries/net/kyori/adventure-key/4.16.0/adventure-key-4.16.0.jar
[04:00:17] [Server thread/INFO]: [SpigotLibraryLoader] [MythicMobs] Loaded library /workspaces/TestServer/servidor_minecraft/libraries/net/kyori/examination-api/1.3.0/examination-api-1.3.0.jar
[04:00:17] [Server thread/INFO]: [SpigotLibraryLoader] [MythicMobs] Loaded library /workspaces/TestServer/servidor_minecraft/libraries/net/kyori/examination-string/1.3.0/examination-string-1.3.0.jar
[04:00:17] [Server thread/INFO]: [SpigotLibraryLoader] [MythicMobs] Loaded library /workspaces/TestServer/servidor_minecraft/libraries/org/jetbrains/annotations/24.1.0/annotations-24.1.0.jar
[04:00:17] [Server thread/INFO]: [SpigotLibraryLoader] [MythicMobs] Loaded library /workspaces/TestServer/servidor_minecraft/libraries/net/kyori/adventure-platform-bukkit/4.3.2/adventure-platform-bukkit-4.3.2.jar
[04:00:17] [Server thread/INFO]: [SpigotLibraryLoader] [MythicMobs] Loaded library /workspaces/TestServer/servidor_minecraft/libraries/net/kyori/adventure-platform-api/4.3.2/adventure-platform-api-4.3.2.jar
[04:00:17] [Server thread/INFO]: [SpigotLibraryLoader] [MythicMobs] Loaded library /workspaces/TestServer/servidor_minecraft/libraries/net/kyori/adventure-text-serializer-bungeecord/4.3.2/adventure-text-serializer-bungeecord-4.3.2.jar
[04:00:17] [Server thread/INFO]: [SpigotLibraryLoader] [MythicMobs] Loaded library /workspaces/TestServer/servidor_minecraft/libraries/net/kyori/adventure-text-serializer-legacy/4.13.1/adventure-text-serializer-legacy-4.13.1.jar
[04:00:17] [Server thread/INFO]: [SpigotLibraryLoader] [MythicMobs] Loaded library /workspaces/TestServer/servidor_minecraft/libraries/net/kyori/adventure-nbt/4.13.1/adventure-nbt-4.13.1.jar
[04:00:17] [Server thread/INFO]: [SpigotLibraryLoader] [MythicMobs] Loaded library /workspaces/TestServer/servidor_minecraft/libraries/net/kyori/adventure-text-serializer-gson-legacy-impl/4.13.1/adventure-text-serializer-gson-legacy-impl-4.13.1.jar
[04:00:17] [Server thread/INFO]: [SpigotLibraryLoader] [MythicMobs] Loaded library /workspaces/TestServer/servidor_minecraft/libraries/net/kyori/adventure-platform-facet/4.3.2/adventure-platform-facet-4.3.2.jar
[04:00:17] [Server thread/INFO]: [SpigotLibraryLoader] [MythicMobs] Loaded library /workspaces/TestServer/servidor_minecraft/libraries/net/kyori/adventure-platform-viaversion/4.3.2/adventure-platform-viaversion-4.3.2.jar
[04:00:17] [Server thread/INFO]: [SpigotLibraryLoader] [MythicMobs] Loaded library /workspaces/TestServer/servidor_minecraft/libraries/net/kyori/adventure-text-minimessage/4.16.0/adventure-text-minimessage-4.16.0.jar
[04:00:17] [Server thread/INFO]: [SpigotLibraryLoader] [MythicMobs] Loaded library /workspaces/TestServer/servidor_minecraft/libraries/net/kyori/adventure-text-serializer-gson/4.16.0/adventure-text-serializer-gson-4.16.0.jar
[04:00:17] [Server thread/INFO]: [SpigotLibraryLoader] [MythicMobs] Loaded library /workspaces/TestServer/servidor_minecraft/libraries/net/kyori/adventure-text-serializer-json/4.16.0/adventure-text-serializer-json-4.16.0.jar
[04:00:17] [Server thread/INFO]: [SpigotLibraryLoader] [MythicMobs] Loaded library /workspaces/TestServer/servidor_minecraft/libraries/net/kyori/option/1.0.0/option-1.0.0.jar
[04:00:17] [Server thread/INFO]: [SpigotLibraryLoader] [MythicMobs] Loaded library /workspaces/TestServer/servidor_minecraft/libraries/com/google/code/gson/gson/2.8.0/gson-2.8.0.jar
[04:00:18] [Server thread/INFO]: [SpigotLibraryLoader] [LoneLibs] Loading 1 libraries... please wait
[04:00:18] [Server thread/INFO]: [SpigotLibraryLoader] [LoneLibs] Loaded library /workspaces/TestServer/servidor_minecraft/libraries/org/fusesource/jansi/jansi/2.4.1/jansi-2.4.1.jar
[04:00:18] [Server thread/INFO]: [SpigotLibraryLoader] [ModelEngine] Loading 3 libraries... please wait
[04:00:18] [Server thread/INFO]: [SpigotLibraryLoader] [ModelEngine] Loaded library /workspaces/TestServer/servidor_minecraft/libraries/net/kyori/adventure-api/4.14.0/adventure-api-4.14.0.jar
[04:00:18] [Server thread/INFO]: [SpigotLibraryLoader] [ModelEngine] Loaded library /workspaces/TestServer/servidor_minecraft/libraries/net/kyori/adventure-key/4.14.0/adventure-key-4.14.0.jar
[04:00:18] [Server thread/INFO]: [SpigotLibraryLoader] [ModelEngine] Loaded library /workspaces/TestServer/servidor_minecraft/libraries/net/kyori/examination-api/1.3.0/examination-api-1.3.0.jar
[04:00:18] [Server thread/INFO]: [SpigotLibraryLoader] [ModelEngine] Loaded library /workspaces/TestServer/servidor_minecraft/libraries/net/kyori/examination-string/1.3.0/examination-string-1.3.0.jar
[04:00:18] [Server thread/INFO]: [SpigotLibraryLoader] [ModelEngine] Loaded library /workspaces/TestServer/servidor_minecraft/libraries/org/jetbrains/annotations/24.0.1/annotations-24.0.1.jar
[04:00:18] [Server thread/INFO]: [SpigotLibraryLoader] [ModelEngine] Loaded library /workspaces/TestServer/servidor_minecraft/libraries/net/kyori/adventure-text-serializer-gson/4.14.0/adventure-text-serializer-gson-4.14.0.jar
[04:00:18] [Server thread/INFO]: [SpigotLibraryLoader] [ModelEngine] Loaded library /workspaces/TestServer/servidor_minecraft/libraries/net/kyori/adventure-text-serializer-json/4.14.0/adventure-text-serializer-json-4.14.0.jar
[04:00:18] [Server thread/INFO]: [SpigotLibraryLoader] [ModelEngine] Loaded library /workspaces/TestServer/servidor_minecraft/libraries/com/google/code/gson/gson/2.8.0/gson-2.8.0.jar
[04:00:18] [Server thread/INFO]: [SpigotLibraryLoader] [ModelEngine] Loaded library /workspaces/TestServer/servidor_minecraft/libraries/net/kyori/adventure-text-serializer-bungeecord/4.3.0/adventure-text-serializer-bungeecord-4.3.0.jar
[04:00:18] [Server thread/INFO]: [SpigotLibraryLoader] [ModelEngine] Loaded library /workspaces/TestServer/servidor_minecraft/libraries/net/kyori/adventure-text-serializer-legacy/4.13.0/adventure-text-serializer-legacy-4.13.0.jar
[04:00:18] [Server thread/INFO]: [SpigotLibraryLoader] [ItemsAdder] Loading 4 libraries... please wait
[04:00:18] [Server thread/INFO]: [SpigotLibraryLoader] [ItemsAdder] Loaded library /workspaces/TestServer/servidor_minecraft/libraries/org/apache/httpcomponents/httpmime/4.5.14/httpmime-4.5.14.jar
[04:00:18] [Server thread/INFO]: [SpigotLibraryLoader] [ItemsAdder] Loaded library /workspaces/TestServer/servidor_minecraft/libraries/org/apache/httpcomponents/httpclient/4.5.14/httpclient-4.5.14.jar
[04:00:18] [Server thread/INFO]: [SpigotLibraryLoader] [ItemsAdder] Loaded library /workspaces/TestServer/servidor_minecraft/libraries/org/apache/httpcomponents/httpcore/4.4.16/httpcore-4.4.16.jar
[04:00:18] [Server thread/INFO]: [SpigotLibraryLoader] [ItemsAdder] Loaded library /workspaces/TestServer/servidor_minecraft/libraries/commons-logging/commons-logging/1.2/commons-logging-1.2.jar
[04:00:18] [Server thread/INFO]: [SpigotLibraryLoader] [ItemsAdder] Loaded library /workspaces/TestServer/servidor_minecraft/libraries/commons-codec/commons-codec/1.11/commons-codec-1.11.jar
[04:00:18] [Server thread/INFO]: [SpigotLibraryLoader] [ItemsAdder] Loaded library /workspaces/TestServer/servidor_minecraft/libraries/org/apache/commons/commons-math3/3.6.1/commons-math3-3.6.1.jar
[04:00:18] [Server thread/INFO]: [SpigotLibraryLoader] [ItemsAdder] Loaded library /workspaces/TestServer/servidor_minecraft/libraries/net/sourceforge/streamsupport/speedy-math/1.0.0/speedy-math-1.0.0.jar
[04:00:18] [Server thread/INFO]: [SpigotLibraryLoader] [ItemsAdder] Loaded library /workspaces/TestServer/servidor_minecraft/libraries/org/fusesource/jansi/jansi/2.4.1/jansi-2.4.1.jar
[04:00:19] [Server thread/INFO]: [STDOUT] [mobyt7nxLbk3LtaJPfb5M]  Downloaded from https://directleaks.net 
[04:00:19] [Server thread/INFO]: [SpigotLibraryLoader] [HibiscusCommons] Loading 4 libraries... please wait
[04:00:19] [Server thread/INFO]: [SpigotLibraryLoader] [HibiscusCommons] Loaded library /workspaces/TestServer/servidor_minecraft/libraries/net/kyori/adventure-api/4.17.0/adventure-api-4.17.0.jar
[04:00:19] [Server thread/INFO]: [SpigotLibraryLoader] [HibiscusCommons] Loaded library /workspaces/TestServer/servidor_minecraft/libraries/net/kyori/adventure-key/4.17.0/adventure-key-4.17.0.jar
[04:00:19] [Server thread/INFO]: [SpigotLibraryLoader] [HibiscusCommons] Loaded library /workspaces/TestServer/servidor_minecraft/libraries/net/kyori/examination-api/1.3.0/examination-api-1.3.0.jar
[04:00:19] [Server thread/INFO]: [SpigotLibraryLoader] [HibiscusCommons] Loaded library /workspaces/TestServer/servidor_minecraft/libraries/net/kyori/examination-string/1.3.0/examination-string-1.3.0.jar
[04:00:19] [Server thread/INFO]: [SpigotLibraryLoader] [HibiscusCommons] Loaded library /workspaces/TestServer/servidor_minecraft/libraries/org/jetbrains/annotations/24.1.0/annotations-24.1.0.jar
[04:00:19] [Server thread/INFO]: [SpigotLibraryLoader] [HibiscusCommons] Loaded library /workspaces/TestServer/servidor_minecraft/libraries/net/kyori/adventure-text-minimessage/4.17.0/adventure-text-minimessage-4.17.0.jar
[04:00:19] [Server thread/INFO]: [SpigotLibraryLoader] [HibiscusCommons] Loaded library /workspaces/TestServer/servidor_minecraft/libraries/net/kyori/adventure-platform-bukkit/4.3.3/adventure-platform-bukkit-4.3.3.jar
[04:00:19] [Server thread/INFO]: [SpigotLibraryLoader] [HibiscusCommons] Loaded library /workspaces/TestServer/servidor_minecraft/libraries/net/kyori/adventure-platform-api/4.3.3/adventure-platform-api-4.3.3.jar
[04:00:19] [Server thread/INFO]: [SpigotLibraryLoader] [HibiscusCommons] Loaded library /workspaces/TestServer/servidor_minecraft/libraries/net/kyori/adventure-text-serializer-bungeecord/4.3.3/adventure-text-serializer-bungeecord-4.3.3.jar
[04:00:19] [Server thread/INFO]: [SpigotLibraryLoader] [HibiscusCommons] Loaded library /workspaces/TestServer/servidor_minecraft/libraries/net/kyori/adventure-text-serializer-legacy/4.13.1/adventure-text-serializer-legacy-4.13.1.jar
[04:00:19] [Server thread/INFO]: [SpigotLibraryLoader] [HibiscusCommons] Loaded library /workspaces/TestServer/servidor_minecraft/libraries/net/kyori/adventure-nbt/4.13.1/adventure-nbt-4.13.1.jar
[04:00:19] [Server thread/INFO]: [SpigotLibraryLoader] [HibiscusCommons] Loaded library /workspaces/TestServer/servidor_minecraft/libraries/net/kyori/adventure-text-serializer-gson/4.13.1/adventure-text-serializer-gson-4.13.1.jar
[04:00:19] [Server thread/INFO]: [SpigotLibraryLoader] [HibiscusCommons] Loaded library /workspaces/TestServer/servidor_minecraft/libraries/net/kyori/adventure-text-serializer-gson-legacy-impl/4.13.1/adventure-text-serializer-gson-legacy-impl-4.13.1.jar
[04:00:19] [Server thread/INFO]: [SpigotLibraryLoader] [HibiscusCommons] Loaded library /workspaces/TestServer/servidor_minecraft/libraries/net/kyori/adventure-platform-facet/4.3.3/adventure-platform-facet-4.3.3.jar
[04:00:19] [Server thread/INFO]: [SpigotLibraryLoader] [HibiscusCommons] Loaded library /workspaces/TestServer/servidor_minecraft/libraries/net/kyori/adventure-platform-viaversion/4.3.3/adventure-platform-viaversion-4.3.3.jar
[04:00:19] [Server thread/INFO]: [SpigotLibraryLoader] [HibiscusCommons] Loaded library /workspaces/TestServer/servidor_minecraft/libraries/org/apache/commons/commons-lang3/3.14.0/commons-lang3-3.14.0.jar
[04:00:21] [Server thread/INFO]: [SpigotLibraryLoader] [PvPManager] Loading 2 libraries... please wait
[04:00:21] [Server thread/INFO]: [SpigotLibraryLoader] [PvPManager] Loaded library /workspaces/TestServer/servidor_minecraft/libraries/com/zaxxer/HikariCP/4.0.3/HikariCP-4.0.3.jar
[04:00:21] [Server thread/INFO]: [SpigotLibraryLoader] [PvPManager] Loaded library /workspaces/TestServer/servidor_minecraft/libraries/org/slf4j/slf4j-api/2.0.13/slf4j-api-2.0.13.jar
[04:00:21] [Server thread/INFO]: [SpigotLibraryLoader] [XConomy] Loading 1 libraries... please wait
[04:00:21] [Server thread/INFO]: [SpigotLibraryLoader] [XConomy] Loaded library /workspaces/TestServer/servidor_minecraft/libraries/redis/clients/jedis/4.3.1/jedis-4.3.1.jar
[04:00:21] [Server thread/INFO]: [SpigotLibraryLoader] [XConomy] Loaded library /workspaces/TestServer/servidor_minecraft/libraries/org/slf4j/slf4j-api/1.7.36/slf4j-api-1.7.36.jar
[04:00:21] [Server thread/INFO]: [SpigotLibraryLoader] [XConomy] Loaded library /workspaces/TestServer/servidor_minecraft/libraries/org/apache/commons/commons-pool2/2.11.1/commons-pool2-2.11.1.jar
[04:00:21] [Server thread/INFO]: [SpigotLibraryLoader] [XConomy] Loaded library /workspaces/TestServer/servidor_minecraft/libraries/org/json/json/20220320/json-20220320.jar
[04:00:21] [Server thread/INFO]: [SpigotLibraryLoader] [XConomy] Loaded library /workspaces/TestServer/servidor_minecraft/libraries/com/google/code/gson/gson/2.8.9/gson-2.8.9.jar
[04:00:22] [Server thread/INFO]: [LuckPerms] Loading server plugin LuckPerms v5.4.131
[04:00:23] [Server thread/INFO]: [Vault] Loading server plugin Vault v1.7.3-b131
[04:00:23] [Server thread/INFO]: [WorldEdit] Loading server plugin WorldEdit v7.3.9+6959-7adf70b
[04:00:24] [Server thread/INFO]: Got request to register class com.sk89q.worldedit.bukkit.BukkitServerInterface with WorldEdit [com.sk89q.worldedit.extension.platform.PlatformManager@4bf9bc1c]
[04:00:24] [Server thread/INFO]: [WorldGuard] Loading server plugin WorldGuard v7.0.12+829a4a4
[04:00:24] [Server thread/INFO]: [Multiverse-Core] Loading server plugin Multiverse-Core v4.3.14
[04:00:24] [Server thread/INFO]: [PlaceholderAPI] Loading server plugin PlaceholderAPI v2.11.6
[04:00:24] [Server thread/INFO]: [MythicMobs] Loading server plugin MythicMobs v5.8.0-SNAPSHOT-7b1a5e36
[04:00:24] [Server thread/INFO]: [LumineUtils] (io.lumine.mythic.bukkit.utils.) is bound to plugin MythicMobs - io.lumine.mythic.bukkit.MythicBukkit
[04:00:24] [Server thread/INFO]: [MythicMobs] §x§f§f§0§0§0§0M§x§f§f§6§6§0§0y§x§f§f§c§c§0§0t§x§c§b§f§f§0§0h§x§6§5§f§f§0§0i§x§0§0§f§f§0§0c§x§0§0§f§f§6§6 §x§0§0§f§f§c§bE§x§0§0§c§b§f§fn§x§0§0§6§5§f§fa§x§0§0§0§0§f§fb§x§6§6§0§0§f§fl§x§c§c§0§0§f§fe§x§f§f§0§0§c§cd§x§f§f§0§0§6§6!
[04:00:24] [Server thread/INFO]: [ProtocolLib] Loading server plugin ProtocolLib v5.4.0-SNAPSHOT-739
[04:00:25] [Server thread/INFO]: [LoneLibs] Loading server plugin LoneLibs v1.0.63
[04:00:25] [Server thread/INFO]: [Essentials] Loading server plugin Essentials v2.21.0-dev+149-424816e
[04:00:25] [Server thread/INFO]: [ModelEngine] Loading server plugin ModelEngine vR4.0.7
[04:00:25] [Server thread/INFO]: [Orebfuscator] Loading server plugin Orebfuscator v5.5.1
[04:00:25] [Server thread/INFO]: [ItemsAdder] Loading server plugin ItemsAdder v4.0.6
[04:00:25] [Server thread/WARN]: [ItemsAdder] 'apply_on_join' and 'apply_during_chunk_load_phase' are both enabled. Please, disable one of them.
[04:00:25] [Server thread/INFO]: [HibiscusCommons] Loading server plugin HibiscusCommons v0.4.6
[04:00:25] [Server thread/INFO]: [CMILib] Loading server plugin CMILib v1.5.2.3
[04:00:25] [Server thread/INFO]: [ShopGUIPlus] Loading server plugin ShopGUIPlus v1.101.1
[04:00:25] [Server thread/INFO]: [EssentialsChat] Loading server plugin EssentialsChat v2.21.0-dev+149-424816e
[04:00:25] [Server thread/INFO]: [TAB] Loading server plugin TAB v5.0.3
[04:00:25] [Server thread/INFO]: [HMCCosmetics] Loading server plugin HMCCosmetics v2.7.3
[04:00:25] [Server thread/INFO]: [MyCommand] Loading server plugin MyCommand v5.7.4
[04:00:25] [Server thread/INFO]: [AnimatedScoreboard] Loading server plugin AnimatedScoreboard v0.3.5
[04:00:25] [Server thread/INFO]: [Jobs] Loading server plugin Jobs v5.2.4.5
[04:00:25] [Server thread/INFO]: [MythicCrucible] Loading server plugin MythicCrucible v2.1.0-SNAPSHOT
[04:00:25] [Server thread/INFO]: [nAntiBot] Loading server plugin nAntiBot v6.1.26
[04:00:27] [Server thread/INFO]: [Chunky] Loading server plugin Chunky v1.4.28
[04:00:27] [Server thread/INFO]: [SepareWorldItems] Loading server plugin SepareWorldItems v1.2.21
[04:00:27] [Server thread/INFO]: [Quests] Loading server plugin Quests v3.15.2-b216e2b
[04:00:27] [Server thread/INFO]: [SkinsRestorer] Loading server plugin SkinsRestorer v15.6.5
[04:00:27] [Server thread/INFO]: [EconomyShopGUI] Loading server plugin EconomyShopGUI v6.9.1
[04:00:27] [Server thread/INFO]: [ConditionalEvents] Loading server plugin ConditionalEvents v4.57.5
[04:00:27] [Server thread/INFO]: [MCPets] Loading server plugin MCPets v4.1.4
[04:00:27] [Server thread/INFO]: [PlaceholderAPI] Successfully registered internal expansion: mcpets [1.0.0]
[04:00:27] [Server thread/INFO]: [MCPets] : mcpets-dismount flag registered successfully !
[04:00:27] [Server thread/INFO]: [MCPets] : mcpets-despawn flag registered successfully !
[04:00:27] [Server thread/INFO]: [MCPets] : mcpets-dismount-flying flag registered successfully !
[04:00:27] [Server thread/INFO]: [MCPets] : mcpets-pet-player-damage flag registered successfully !
[04:00:27] [Server thread/INFO]: [PvPManager] Loading server plugin PvPManager v3.19.3
[04:00:27] [Server thread/INFO]: [EssentialsSpawn] Loading server plugin EssentialsSpawn v2.21.0-dev+149-424816e
[04:00:27] [Server thread/INFO]: [XConomy] Loading server plugin XConomy v2.26.3
[04:00:27] [Server thread/INFO]: [ConsoleSpamFix] Loading server plugin ConsoleSpamFix v1.10.0
[04:00:27] [Server thread/INFO]: [BetterTeams] Loading server plugin BetterTeams v4.10.0
[04:00:27] [Server thread/INFO]: [BetterTeams] Checking if the file config.yml is up to date
[04:00:27] [Server thread/INFO]: [BetterTeams] File is up to date
[04:00:27] [Server thread/INFO]: [Shopkeepers] Loading server plugin Shopkeepers v2.23.3
[04:00:27] [Server thread/INFO]: [Shopkeepers] Loaded all plugin classes (736 ms).
[04:00:27] [Server thread/INFO]: [Shopkeepers] Loading config.
[04:00:27] [Server thread/WARN]: [Shopkeepers] Config: Invalid living entity type name in 'enabled-living-shops': CREAKING
[04:00:27] [Server thread/WARN]: [Shopkeepers] Config: All existing entity type names can be found here: https://hub.spigotmc.org/javadocs/spigot/org/bukkit/entity/EntityType.html
[04:00:27] [Server thread/INFO]: [Shopkeepers] Loading language file: language-en-default.yml
[04:00:27] [Server thread/WARN]: [Shopkeepers] Config: Invalid living entity type name in 'enabled-living-shops': CREAKING
[04:00:27] [Server thread/WARN]: [Shopkeepers] Config: All existing entity type names can be found here: https://hub.spigotmc.org/javadocs/spigot/org/bukkit/entity/EntityType.html
[04:00:27] [Server thread/INFO]: [Shopkeepers] Registering WorldGuard flag 'allow-shop'.
[04:00:27] [Server thread/INFO]: [Shopkeepers] Registering defaults.
[04:00:27] [Server thread/INFO]: [DeluxeMenus] Loading server plugin DeluxeMenus v1.14.1-DEV-184
[04:00:27] [Server thread/WARN]: [DeluxeMenus] Could not setup a NMS hook for your server version!
[04:00:27] [Server thread/INFO]: [nLogin] Loading server plugin nLogin v10.4.18
[04:00:28] [Server thread/INFO]: [ChatManager] Loading server plugin ChatManager v4.0.2
[04:00:28] [Server thread/INFO]: Server permissions file permissions.yml is empty, ignoring it
[04:00:28] [Server thread/INFO]: [LuckPerms] Enabling LuckPerms v5.4.131
[04:00:30] [Server thread/INFO]:         __    
[04:00:30] [Server thread/INFO]:   |    |__)   LuckPerms v5.4.131
[04:00:30] [Server thread/INFO]:   |___ |      Running on Bukkit - Paper
[04:00:30] [Server thread/INFO]: 
[04:00:30] [Server thread/INFO]: [LuckPerms] Loading configuration...
[04:00:31] [Server thread/INFO]: [LuckPerms] Loading storage provider... [H2]
[04:00:32] [Server thread/INFO]: [LuckPerms] Loading internal permission managers...
[04:00:33] [Server thread/INFO]: [LuckPerms] Performing initial data load...
[04:00:34] [Server thread/INFO]: [LuckPerms] Successfully enabled. (took 5447ms)
[04:00:34] [Server thread/INFO]: [Vault] Enabling Vault v1.7.3-b131
[04:00:34] [Server thread/INFO]: [Vault] [Economy] Essentials Economy found: Waiting
[04:00:34] [Server thread/INFO]: [Vault] [Permission] SuperPermissions loaded as backup permission system.
[04:00:35] [Server thread/INFO]: [Vault] Enabled Version 1.7.3-b131
[04:00:35] [Server thread/INFO]: [LuckPerms] Registered Vault permission & chat hook.
[04:00:35] [Server thread/INFO]: [WorldEdit] Enabling WorldEdit v7.3.9+6959-7adf70b
[04:00:35] [Server thread/INFO]: Registering commands with com.sk89q.worldedit.bukkit.BukkitServerInterface
[04:00:35] [Server thread/INFO]: WEPIF: Vault detected! Using Vault for permissions
[04:00:35] [Server thread/INFO]: Using com.sk89q.worldedit.bukkit.adapter.impl.v1_21.PaperweightAdapter as the Bukkit adapter
[04:00:39] [Server thread/INFO]: [ProtocolLib] Enabling ProtocolLib v5.4.0-SNAPSHOT-739
[04:00:39] [Server thread/INFO]: [LoneLibs] Enabling LoneLibs v1.0.63
[04:00:39] [Server thread/INFO]: [ModelEngine] Enabling ModelEngine vR4.0.7
[04:00:39] [Server thread/INFO]: [nAntiBot] Enabling nAntiBot v6.1.26
[04:00:40] [Server thread/INFO]: [nAntiBot] Successful plugin core start (took 1.04s)
[04:00:40] [Server thread/INFO]:           _         _   _   ___       _   
[04:00:40] [Server thread/INFO]:   _ __   /_\  _ __ | |_(_) / __\ ___ | |_ 
[04:00:40] [Server thread/INFO]:  | '_ \ //_\\| '_ \| __| |/__\/// _ \| __|
[04:00:40] [Server thread/INFO]:  | | | /  _  \ | | | |_| / \/  \ (_) | |_ 
[04:00:40] [Server thread/INFO]:  |_| |_\_/ \_/_| |_|\__|_\_____/\___/ \__|
[04:00:40] [Server thread/INFO]:                                          
[04:00:40] [Server thread/INFO]:  By: www.nickuc.com - V 6.1.26
[04:00:40] [Server thread/INFO]: 
[04:00:40] [Folia Async Scheduler Thread #0/INFO]: [nAntiBot] Download finished (took 1550ms, hash = 6318a09b90892e7afb0962a92b1b1380d1075502cd0e91fddd1befa235b8c03e)
[04:00:42] [Folia Async Scheduler Thread #3/INFO]: [nAntiBot] Connecting to the remote server antibot.nickuc.com...
[04:00:42] [Server thread/INFO]: [SkinsRestorer] Enabling SkinsRestorer v15.6.5
[04:00:43] [Server thread/INFO]: [SkinsRestorer] Running on Minecraft 1.21.1.
[04:00:44] [Server thread/INFO]: [SkinsRestorer] Using paper join listener!
[04:00:44] [Server thread/INFO]: [PlaceholderAPI] Successfully registered internal expansion: skinsrestorer [15.6.5]
[04:00:44] [Server thread/INFO]: [SkinsRestorer] PlaceholderAPI expansion registered!
[04:00:44] [Server thread/INFO]: [XConomy] Enabling XConomy v2.26.3
[04:00:44] [Server thread/INFO]: [XConomy] UUID-Mode: Default
[04:00:44] [Server thread/INFO]: [XConomy] Language: ENGLISH
[04:00:44] [Server thread/INFO]: [XConomy] Saving method - SQLite
[04:00:44] [Folia Async Scheduler Thread #3/INFO]: [SkinsRestorer] ----------------------------------------------
[04:00:44] [Folia Async Scheduler Thread #3/INFO]: [SkinsRestorer]     +==================+
[04:00:44] [Folia Async Scheduler Thread #3/INFO]: [SkinsRestorer]     |   SkinsRestorer  |
[04:00:44] [Folia Async Scheduler Thread #3/INFO]: [SkinsRestorer]     |------------------|
[04:00:44] [Folia Async Scheduler Thread #3/INFO]: [SkinsRestorer]     |  Standalone Mode |
[04:00:44] [Folia Async Scheduler Thread #3/INFO]: [SkinsRestorer]     +==================+
[04:00:44] [Folia Async Scheduler Thread #3/INFO]: [SkinsRestorer] ----------------------------------------------
[04:00:44] [Folia Async Scheduler Thread #3/INFO]: [SkinsRestorer]     Version: 15.6.5
[04:00:44] [Folia Async Scheduler Thread #3/INFO]: [SkinsRestorer]     Commit: f8c262a
[04:00:44] [Folia Async Scheduler Thread #3/INFO]: [SkinsRestorer]     A new version (15.9.0) is available! Downloading update...
[04:00:44] [Folia Async Scheduler Thread #3/INFO]: [SkinsRestorer] ----------------------------------------------
[04:00:44] [Folia Async Scheduler Thread #3/INFO]: [SkinsRestorer] Do you have issues? Read our troubleshooting guide: https://skinsrestorer.net/docs/troubleshooting
[04:00:44] [Folia Async Scheduler Thread #3/INFO]: [SkinsRestorer] Want to support SkinsRestorer? Consider donating: https://skinsrestorer.net/donate
[04:00:44] [Folia Async Scheduler Thread #3/INFO]: [SkinsRestorer] [GitHubUpdate] Downloading update...
[04:00:45] [Server thread/INFO]: [XConomy] SQLite successfully connected
[04:00:45] [Server thread/INFO]: [XConomy] XConomy successfully enabled
[04:00:45] [Server thread/INFO]: [XConomy] Found PlaceholderAPI
[04:00:45] [Server thread/INFO]: [PlaceholderAPI] Successfully registered internal expansion: xconomy [2.26.3]
[04:00:45] [Server thread/INFO]: [XConomy] PlaceholderAPI successfully hooked
[04:00:45] [Server thread/INFO]: [XConomy] ===== YiC =====
[04:00:45] [Server thread/INFO]: [ConsoleSpamFix] Enabling ConsoleSpamFix v1.10.0
[04:00:45] [Server thread/INFO]: [ConsoleSpamFix] Server version detected: 1.21.1
[04:00:45] [Server thread/INFO]: [ConsoleSpamFix] Loading the config file...
[04:00:45] [Server thread/INFO]: [ConsoleSpamFix] Config file loaded!
[04:00:45] [Server thread/INFO]: [ConsoleSpamFix] ConsoleSpamFix loaded successfully!
[04:00:45] [Server thread/INFO]: [nLogin] Enabling nLogin v10.4.18
[04:00:45] [Folia Async Scheduler Thread #1/INFO]: [XConomy] Is the latest version
[04:00:45] [Folia Async Scheduler Thread #3/INFO]: [SkinsRestorer] [GitHubUpdate] Downloaded update in 517ms
[04:00:45] [Folia Async Scheduler Thread #3/INFO]: [SkinsRestorer] [GitHubUpdate] Update saved as SkinsRestorer.jar
[04:00:45] [Folia Async Scheduler Thread #3/INFO]: [SkinsRestorer] [GitHubUpdate] The update will be loaded on the next server restart
[04:00:46] [Server thread/INFO]: [nLogin] Successful plugin core start (took 1.28s)
[04:00:46] [Server thread/INFO]:           __             _       
[04:00:46] [Server thread/INFO]:   _ __   / /  ___   __ _(_)_ __  
[04:00:46] [Server thread/INFO]:  | '_ \ / /  / _ \ / _` | | '_ \ 
[04:00:46] [Server thread/INFO]:  | | | / /__| (_) | (_| | | | | |
[04:00:46] [Server thread/INFO]:  |_| |_\____/\___/ \__, |_|_| |_|
[04:00:46] [Server thread/INFO]:                   |___/            
[04:00:46] [Server thread/INFO]:  By: www.nickuc.com - V 10.4.18
[04:00:46] [Server thread/INFO]:  
[04:00:47] [Server thread/WARN]: **** SERVER IS RUNNING IN OFFLINE/INSECURE MODE!
[04:00:47] [Server thread/WARN]: The server will make no attempt to authenticate usernames. Beware.
[04:00:47] [Server thread/WARN]: While this makes the game possible to play without internet access, it also opens up the ability for hackers to connect with any username they choose.
[04:00:47] [Server thread/WARN]: To change this, set "online-mode" to "true" in the server.properties file.
[04:00:47] [Server thread/INFO]: Preparing level "Athenia"
[04:00:47] [Server thread/INFO]: -------- World Settings For [Athenia] --------
[04:00:47] [Server thread/INFO]: View Distance: 10
[04:00:47] [Server thread/INFO]: Simulation Distance: 10
[04:00:47] [Server thread/INFO]: Item Merge Radius: 2.5
[04:00:47] [Server thread/INFO]: Experience Merge Radius: 3.0
[04:00:47] [Server thread/INFO]: Mob Spawn Range: 8
[04:00:47] [Server thread/INFO]: Item Despawn Rate: 6000
[04:00:47] [Server thread/INFO]: Arrow Despawn Rate: 1200 Trident Respawn Rate:1200
[04:00:47] [Server thread/INFO]: Zombie Aggressive Towards Villager: true
[04:00:47] [Server thread/INFO]: Nerfing mobs spawned from spawners: false
[04:00:47] [Server thread/INFO]: Allow Zombie Pigmen to spawn from portal blocks: true
[04:00:47] [Server thread/INFO]: Cactus Growth Modifier: 100%
[04:00:47] [Server thread/INFO]: Cane Growth Modifier: 100%
[04:00:47] [Server thread/INFO]: Melon Growth Modifier: 100%
[04:00:47] [Server thread/INFO]: Mushroom Growth Modifier: 100%
[04:00:47] [Server thread/INFO]: Pumpkin Growth Modifier: 100%
[04:00:47] [Server thread/INFO]: Sapling Growth Modifier: 100%
[04:00:47] [Server thread/INFO]: Beetroot Growth Modifier: 100%
[04:00:47] [Server thread/INFO]: Carrot Growth Modifier: 100%
[04:00:47] [Server thread/INFO]: Potato Growth Modifier: 100%
[04:00:47] [Server thread/INFO]: TorchFlower Growth Modifier: 100%
[04:00:47] [Server thread/INFO]: Wheat Growth Modifier: 100%
[04:00:47] [Server thread/INFO]: NetherWart Growth Modifier: 100%
[04:00:47] [Server thread/INFO]: Vine Growth Modifier: 100%
[04:00:47] [Server thread/INFO]: Cocoa Growth Modifier: 100%
[04:00:47] [Server thread/INFO]: Bamboo Growth Modifier: 100%
[04:00:47] [Server thread/INFO]: SweetBerry Growth Modifier: 100%
[04:00:47] [Server thread/INFO]: Kelp Growth Modifier: 100%
[04:00:47] [Server thread/INFO]: TwistingVines Growth Modifier: 100%
[04:00:47] [Server thread/INFO]: WeepingVines Growth Modifier: 100%
[04:00:47] [Server thread/INFO]: CaveVines Growth Modifier: 100%
[04:00:47] [Server thread/INFO]: GlowBerry Growth Modifier: 100%
[04:00:47] [Server thread/INFO]: PitcherPlant Growth Modifier: 100%
[04:00:47] [Server thread/INFO]: Entity Activation Range: An 40 / Mo 40 / Ra 48 / Mi 32 / Tiv true / Isa false
[04:00:47] [Server thread/INFO]: Entity Tracking Range: Pl 48 / An 48 / Mo 48 / Mi 64 / Di 128 / Other 64
[04:00:47] [Server thread/INFO]: Hopper Transfer: 8 Hopper Check: 1 Hopper Amount: 1 Hopper Can Load Chunks: false
[04:00:47] [Server thread/INFO]: Custom Map Seeds:  Village: 10387312 Desert: 14357617 Igloo: 14357618 Jungle: 14357619 Swamp: 14357620 Monument: 10387313 Ocean: 14357621 Shipwreck: 165745295 End City: 10387313 Slime: 987234911 Nether: 30084232 Mansion: 10387319 Fossil: 14357921 Portal: 34222645
[04:00:47] [Server thread/INFO]: Max TNT Explosions: 100
[04:00:47] [Server thread/INFO]: Tile Max Tick Time: 50ms Entity max Tick Time: 50ms
[04:00:48] [Server thread/INFO]: -------- World Settings For [Athenia_nether] --------
[04:00:48] [Server thread/INFO]: View Distance: 10
[04:00:48] [Server thread/INFO]: Simulation Distance: 10
[04:00:48] [Server thread/INFO]: Item Merge Radius: 2.5
[04:00:48] [Server thread/INFO]: Experience Merge Radius: 3.0
[04:00:48] [Server thread/INFO]: Mob Spawn Range: 8
[04:00:48] [Server thread/INFO]: Item Despawn Rate: 6000
[04:00:48] [Server thread/INFO]: Arrow Despawn Rate: 1200 Trident Respawn Rate:1200
[04:00:48] [Server thread/INFO]: Zombie Aggressive Towards Villager: true
[04:00:48] [Server thread/INFO]: Nerfing mobs spawned from spawners: false
[04:00:48] [Server thread/INFO]: Allow Zombie Pigmen to spawn from portal blocks: true
[04:00:48] [Server thread/INFO]: Cactus Growth Modifier: 100%
[04:00:48] [Server thread/INFO]: Cane Growth Modifier: 100%
[04:00:48] [Server thread/INFO]: Melon Growth Modifier: 100%
[04:00:48] [Server thread/INFO]: Mushroom Growth Modifier: 100%
[04:00:48] [Server thread/INFO]: Pumpkin Growth Modifier: 100%
[04:00:48] [Server thread/INFO]: Sapling Growth Modifier: 100%
[04:00:48] [Server thread/INFO]: Beetroot Growth Modifier: 100%
[04:00:48] [Server thread/INFO]: Carrot Growth Modifier: 100%
[04:00:48] [Server thread/INFO]: Potato Growth Modifier: 100%
[04:00:48] [Server thread/INFO]: TorchFlower Growth Modifier: 100%
[04:00:48] [Server thread/INFO]: Wheat Growth Modifier: 100%
[04:00:48] [Server thread/INFO]: NetherWart Growth Modifier: 100%
[04:00:48] [Server thread/INFO]: Vine Growth Modifier: 100%
[04:00:48] [Server thread/INFO]: Cocoa Growth Modifier: 100%
[04:00:48] [Server thread/INFO]: Bamboo Growth Modifier: 100%
[04:00:48] [Server thread/INFO]: SweetBerry Growth Modifier: 100%
[04:00:48] [Server thread/INFO]: Kelp Growth Modifier: 100%
[04:00:48] [Server thread/INFO]: TwistingVines Growth Modifier: 100%
[04:00:48] [Server thread/INFO]: WeepingVines Growth Modifier: 100%
[04:00:48] [Server thread/INFO]: CaveVines Growth Modifier: 100%
[04:00:48] [Server thread/INFO]: GlowBerry Growth Modifier: 100%
[04:00:48] [Server thread/INFO]: PitcherPlant Growth Modifier: 100%
[04:00:48] [Server thread/INFO]: Entity Activation Range: An 40 / Mo 40 / Ra 48 / Mi 32 / Tiv true / Isa false
[04:00:48] [Server thread/INFO]: Entity Tracking Range: Pl 48 / An 48 / Mo 48 / Mi 64 / Di 128 / Other 64
[04:00:48] [Server thread/INFO]: Hopper Transfer: 8 Hopper Check: 1 Hopper Amount: 1 Hopper Can Load Chunks: false
[04:00:48] [Server thread/INFO]: Custom Map Seeds:  Village: 10387312 Desert: 14357617 Igloo: 14357618 Jungle: 14357619 Swamp: 14357620 Monument: 10387313 Ocean: 14357621 Shipwreck: 165745295 End City: 10387313 Slime: 987234911 Nether: 30084232 Mansion: 10387319 Fossil: 14357921 Portal: 34222645
[04:00:48] [Server thread/INFO]: Max TNT Explosions: 100
[04:00:48] [Server thread/INFO]: Tile Max Tick Time: 50ms Entity max Tick Time: 50ms
[04:00:48] [Server thread/INFO]: -------- World Settings For [Athenia_the_end] --------
[04:00:48] [Server thread/INFO]: View Distance: 10
[04:00:48] [Server thread/INFO]: Simulation Distance: 10
[04:00:48] [Server thread/INFO]: Item Merge Radius: 2.5
[04:00:48] [Server thread/INFO]: Experience Merge Radius: 3.0
[04:00:48] [Server thread/INFO]: Mob Spawn Range: 8
[04:00:48] [Server thread/INFO]: Item Despawn Rate: 6000
[04:00:48] [Server thread/INFO]: Arrow Despawn Rate: 1200 Trident Respawn Rate:1200
[04:00:48] [Server thread/INFO]: Zombie Aggressive Towards Villager: true
[04:00:48] [Server thread/INFO]: Nerfing mobs spawned from spawners: false
[04:00:48] [Server thread/INFO]: Allow Zombie Pigmen to spawn from portal blocks: true
[04:00:48] [Server thread/INFO]: Cactus Growth Modifier: 100%
[04:00:48] [Server thread/INFO]: Cane Growth Modifier: 100%
[04:00:48] [Server thread/INFO]: Melon Growth Modifier: 100%
[04:00:48] [Server thread/INFO]: Mushroom Growth Modifier: 100%
[04:00:48] [Server thread/INFO]: Pumpkin Growth Modifier: 100%
[04:00:48] [Server thread/INFO]: Sapling Growth Modifier: 100%
[04:00:48] [Server thread/INFO]: Beetroot Growth Modifier: 100%
[04:00:48] [Server thread/INFO]: Carrot Growth Modifier: 100%
[04:00:48] [Server thread/INFO]: Potato Growth Modifier: 100%
[04:00:48] [Server thread/INFO]: TorchFlower Growth Modifier: 100%
[04:00:48] [Server thread/INFO]: Wheat Growth Modifier: 100%
[04:00:48] [Server thread/INFO]: NetherWart Growth Modifier: 100%
[04:00:48] [Server thread/INFO]: Vine Growth Modifier: 100%
[04:00:48] [Server thread/INFO]: Cocoa Growth Modifier: 100%
[04:00:48] [Server thread/INFO]: Bamboo Growth Modifier: 100%
[04:00:48] [Server thread/INFO]: SweetBerry Growth Modifier: 100%
[04:00:48] [Server thread/INFO]: Kelp Growth Modifier: 100%
[04:00:48] [Server thread/INFO]: TwistingVines Growth Modifier: 100%
[04:00:48] [Server thread/INFO]: WeepingVines Growth Modifier: 100%
[04:00:48] [Server thread/INFO]: CaveVines Growth Modifier: 100%
[04:00:48] [Server thread/INFO]: GlowBerry Growth Modifier: 100%
[04:00:48] [Server thread/INFO]: PitcherPlant Growth Modifier: 100%
[04:00:48] [Server thread/INFO]: Entity Activation Range: An 40 / Mo 40 / Ra 48 / Mi 32 / Tiv true / Isa false
[04:00:48] [Server thread/INFO]: Entity Tracking Range: Pl 48 / An 48 / Mo 48 / Mi 64 / Di 128 / Other 64
[04:00:48] [Server thread/INFO]: Hopper Transfer: 8 Hopper Check: 1 Hopper Amount: 1 Hopper Can Load Chunks: false
[04:00:48] [Server thread/INFO]: Custom Map Seeds:  Village: 10387312 Desert: 14357617 Igloo: 14357618 Jungle: 14357619 Swamp: 14357620 Monument: 10387313 Ocean: 14357621 Shipwreck: 165745295 End City: 10387313 Slime: 987234911 Nether: 30084232 Mansion: 10387319 Fossil: 14357921 Portal: 34222645
[04:00:48] [Server thread/INFO]: Max TNT Explosions: 100
[04:00:48] [Server thread/INFO]: Tile Max Tick Time: 50ms Entity max Tick Time: 50ms
[04:00:48] [Server thread/INFO]: Preparing start region for dimension minecraft:overworld
[04:00:50] [Server thread/INFO]: Time elapsed: 1411 ms
[04:00:50] [Server thread/INFO]: Preparing start region for dimension minecraft:the_nether
[04:00:50] [Server thread/INFO]: Time elapsed: 233 ms
[04:00:50] [Server thread/INFO]: Preparing start region for dimension minecraft:the_end
[04:00:50] [Server thread/INFO]: Time elapsed: 185 ms
[04:00:50] [Server thread/INFO]: [WorldGuard] Enabling WorldGuard v7.0.12+829a4a4
[04:00:50] [Server thread/INFO]: [WorldGuard] (Athenia) TNT ignition is PERMITTED.
[04:00:50] [Server thread/INFO]: [WorldGuard] (Athenia) Lighters are PERMITTED.
[04:00:50] [Server thread/INFO]: [WorldGuard] (Athenia) Lava fire is PERMITTED.
[04:00:50] [Server thread/INFO]: [WorldGuard] (Athenia) Fire spread is UNRESTRICTED.
[04:00:51] [Server thread/INFO]: [WorldGuard] Loaded configuration for world 'Athenia'
[04:00:51] [Server thread/INFO]: [WorldGuard] (Athenia_nether) TNT ignition is PERMITTED.
[04:00:51] [Server thread/INFO]: [WorldGuard] (Athenia_nether) Lighters are PERMITTED.
[04:00:51] [Server thread/INFO]: [WorldGuard] (Athenia_nether) Lava fire is PERMITTED.
[04:00:51] [Server thread/INFO]: [WorldGuard] (Athenia_nether) Fire spread is UNRESTRICTED.
[04:00:51] [Server thread/INFO]: [WorldGuard] Loaded configuration for world 'Athenia_nether'
[04:00:51] [Server thread/INFO]: [WorldGuard] (Athenia_the_end) TNT ignition is PERMITTED.
[04:00:51] [Server thread/INFO]: [WorldGuard] (Athenia_the_end) Lighters are PERMITTED.
[04:00:51] [Server thread/INFO]: [WorldGuard] (Athenia_the_end) Lava fire is PERMITTED.
[04:00:51] [Server thread/INFO]: [WorldGuard] (Athenia_the_end) Fire spread is UNRESTRICTED.
[04:00:51] [Server thread/INFO]: [WorldGuard] Loaded configuration for world 'Athenia_the_end'
[04:00:51] [Server thread/INFO]: [WorldGuard] Loading region data...
[04:00:51] [Server thread/INFO]: [Multiverse-Core] Enabling Multiverse-Core v4.3.14
[04:00:51] [Server thread/WARN]: [Multiverse-Core] "Multiverse-Core v4.3.14" has registered a listener for org.bukkit.event.entity.EntityCreatePortalEvent on method "public void com.onarandombox.MultiverseCore.listeners.MVPortalListener.entityPortalCreate(org.bukkit.event.entity.EntityCreatePortalEvent)", but the event is Deprecated. "Server performance will be affected"; please notify the authors [dumptruckman, Rigby, fernferret, lithium3141, main--].
[04:00:51] [Server thread/INFO]: [Multiverse-Core] §aWe are aware of the warning about the deprecated event. There is no alternative that allows us to do what we need to do and performance impact is negligible. It is safe to ignore.
[04:00:51] [Server thread/INFO]: -------- World Settings For [world_the_end] --------
[04:00:51] [Server thread/INFO]: View Distance: 10
[04:00:51] [Server thread/INFO]: Simulation Distance: 10
[04:00:51] [Server thread/INFO]: Item Merge Radius: 2.5
[04:00:51] [Server thread/INFO]: Experience Merge Radius: 3.0
[04:00:51] [Server thread/INFO]: Mob Spawn Range: 8
[04:00:51] [Server thread/INFO]: Item Despawn Rate: 6000
[04:00:51] [Server thread/INFO]: Arrow Despawn Rate: 1200 Trident Respawn Rate:1200
[04:00:51] [Server thread/INFO]: Zombie Aggressive Towards Villager: true
[04:00:51] [Server thread/INFO]: Nerfing mobs spawned from spawners: false
[04:00:51] [Server thread/INFO]: Allow Zombie Pigmen to spawn from portal blocks: true
[04:00:51] [Server thread/INFO]: Cactus Growth Modifier: 100%
[04:00:51] [Server thread/INFO]: Cane Growth Modifier: 100%
[04:00:51] [Server thread/INFO]: Melon Growth Modifier: 100%
[04:00:51] [Server thread/INFO]: Mushroom Growth Modifier: 100%
[04:00:51] [Server thread/INFO]: Pumpkin Growth Modifier: 100%
[04:00:51] [Server thread/INFO]: Sapling Growth Modifier: 100%
[04:00:51] [Server thread/INFO]: Beetroot Growth Modifier: 100%
[04:00:51] [Server thread/INFO]: Carrot Growth Modifier: 100%
[04:00:51] [Server thread/INFO]: Potato Growth Modifier: 100%
[04:00:51] [Server thread/INFO]: TorchFlower Growth Modifier: 100%
[04:00:51] [Server thread/INFO]: Wheat Growth Modifier: 100%
[04:00:51] [Server thread/INFO]: NetherWart Growth Modifier: 100%
[04:00:51] [Server thread/INFO]: Vine Growth Modifier: 100%
[04:00:51] [Server thread/INFO]: Cocoa Growth Modifier: 100%
[04:00:51] [Server thread/INFO]: Bamboo Growth Modifier: 100%
[04:00:51] [Server thread/INFO]: SweetBerry Growth Modifier: 100%
[04:00:51] [Server thread/INFO]: Kelp Growth Modifier: 100%
[04:00:51] [Server thread/INFO]: TwistingVines Growth Modifier: 100%
[04:00:51] [Server thread/INFO]: WeepingVines Growth Modifier: 100%
[04:00:51] [Server thread/INFO]: CaveVines Growth Modifier: 100%
[04:00:51] [Server thread/INFO]: GlowBerry Growth Modifier: 100%
[04:00:51] [Server thread/INFO]: PitcherPlant Growth Modifier: 100%
[04:00:51] [Server thread/INFO]: Entity Activation Range: An 40 / Mo 40 / Ra 48 / Mi 32 / Tiv true / Isa false
[04:00:51] [Server thread/INFO]: Entity Tracking Range: Pl 48 / An 48 / Mo 48 / Mi 64 / Di 128 / Other 64
[04:00:51] [Server thread/INFO]: Hopper Transfer: 8 Hopper Check: 1 Hopper Amount: 1 Hopper Can Load Chunks: false
[04:00:51] [Server thread/INFO]: Custom Map Seeds:  Village: 10387312 Desert: 14357617 Igloo: 14357618 Jungle: 14357619 Swamp: 14357620 Monument: 10387313 Ocean: 14357621 Shipwreck: 165745295 End City: 10387313 Slime: 987234911 Nether: 30084232 Mansion: 10387319 Fossil: 14357921 Portal: 34222645
[04:00:51] [Server thread/INFO]: Max TNT Explosions: 100
[04:00:51] [Server thread/INFO]: Tile Max Tick Time: 50ms Entity max Tick Time: 50ms
[04:00:51] [Server thread/INFO]: Preparing start region for dimension minecraft:world_the_end
[04:00:51] [Server thread/INFO]: Time elapsed: 190 ms
[04:00:51] [Server thread/INFO]: [WorldGuard] (world_the_end) TNT ignition is PERMITTED.
[04:00:51] [Server thread/INFO]: [WorldGuard] (world_the_end) Lighters are PERMITTED.
[04:00:51] [Server thread/INFO]: [WorldGuard] (world_the_end) Lava fire is PERMITTED.
[04:00:51] [Server thread/INFO]: [WorldGuard] (world_the_end) Fire spread is UNRESTRICTED.
[04:00:51] [Server thread/INFO]: [WorldGuard] Loaded configuration for world 'world_the_end'
[04:00:51] [Server thread/INFO]: Could not set generator for world 'world': Plugin 'TerraformGenerator' does not exist
[04:00:51] [Server thread/INFO]: -------- World Settings For [world] --------
[04:00:51] [Server thread/INFO]: View Distance: 10
[04:00:51] [Server thread/INFO]: Simulation Distance: 10
[04:00:51] [Server thread/INFO]: Item Merge Radius: 2.5
[04:00:51] [Server thread/INFO]: Experience Merge Radius: 3.0
[04:00:51] [Server thread/INFO]: Mob Spawn Range: 8
[04:00:51] [Server thread/INFO]: Item Despawn Rate: 6000
[04:00:52] [Server thread/INFO]: Arrow Despawn Rate: 1200 Trident Respawn Rate:1200
[04:00:52] [Server thread/INFO]: Zombie Aggressive Towards Villager: true
[04:00:52] [Server thread/INFO]: Nerfing mobs spawned from spawners: false
[04:00:52] [Server thread/INFO]: Allow Zombie Pigmen to spawn from portal blocks: true
[04:00:52] [Server thread/INFO]: Cactus Growth Modifier: 100%
[04:00:52] [Server thread/INFO]: Cane Growth Modifier: 100%
[04:00:52] [Server thread/INFO]: Melon Growth Modifier: 100%
[04:00:52] [Server thread/INFO]: Mushroom Growth Modifier: 100%
[04:00:52] [Server thread/INFO]: Pumpkin Growth Modifier: 100%
[04:00:52] [Server thread/INFO]: Sapling Growth Modifier: 100%
[04:00:52] [Server thread/INFO]: Beetroot Growth Modifier: 100%
[04:00:52] [Server thread/INFO]: Carrot Growth Modifier: 100%
[04:00:52] [Server thread/INFO]: Potato Growth Modifier: 100%
[04:00:52] [Server thread/INFO]: TorchFlower Growth Modifier: 100%
[04:00:52] [Server thread/INFO]: Wheat Growth Modifier: 100%
[04:00:52] [Server thread/INFO]: NetherWart Growth Modifier: 100%
[04:00:52] [Server thread/INFO]: Vine Growth Modifier: 100%
[04:00:52] [Server thread/INFO]: Cocoa Growth Modifier: 100%
[04:00:52] [Server thread/INFO]: Bamboo Growth Modifier: 100%
[04:00:52] [Server thread/INFO]: SweetBerry Growth Modifier: 100%
[04:00:52] [Server thread/INFO]: Kelp Growth Modifier: 100%
[04:00:52] [Server thread/INFO]: TwistingVines Growth Modifier: 100%
[04:00:52] [Server thread/INFO]: WeepingVines Growth Modifier: 100%
[04:00:52] [Server thread/INFO]: CaveVines Growth Modifier: 100%
[04:00:52] [Server thread/INFO]: GlowBerry Growth Modifier: 100%
[04:00:52] [Server thread/INFO]: PitcherPlant Growth Modifier: 100%
[04:00:52] [Server thread/INFO]: Entity Activation Range: An 40 / Mo 40 / Ra 48 / Mi 32 / Tiv true / Isa false
[04:00:52] [Server thread/INFO]: Entity Tracking Range: Pl 48 / An 48 / Mo 48 / Mi 64 / Di 128 / Other 64
[04:00:52] [Server thread/INFO]: Hopper Transfer: 8 Hopper Check: 1 Hopper Amount: 1 Hopper Can Load Chunks: false
[04:00:52] [Server thread/INFO]: Custom Map Seeds:  Village: 10387312 Desert: 14357617 Igloo: 14357618 Jungle: 14357619 Swamp: 14357620 Monument: 10387313 Ocean: 14357621 Shipwreck: 165745295 End City: 10387313 Slime: 987234911 Nether: 30084232 Mansion: 10387319 Fossil: 14357921 Portal: 34222645
[04:00:52] [Server thread/INFO]: Max TNT Explosions: 100
[04:00:52] [Server thread/INFO]: Tile Max Tick Time: 50ms Entity max Tick Time: 50ms
[04:00:52] [Server thread/INFO]: Preparing start region for dimension minecraft:world
[04:00:52] [Server thread/INFO]: Time elapsed: 441 ms
[04:00:52] [Server thread/INFO]: [WorldGuard] (world) TNT ignition is PERMITTED.
[04:00:52] [Server thread/INFO]: [WorldGuard] (world) Lighters are PERMITTED.
[04:00:52] [Server thread/INFO]: [WorldGuard] (world) Lava fire is PERMITTED.
[04:00:52] [Server thread/INFO]: [WorldGuard] (world) Fire spread is UNRESTRICTED.
[04:00:52] [Server thread/INFO]: [WorldGuard] Loaded configuration for world 'world'
[04:00:52] [Server thread/INFO]: Could not set generator for world 'world': Plugin 'TerraformGenerator' does not exist
[04:00:52] [Server thread/INFO]: -------- World Settings For [world_nether] --------
[04:00:52] [Server thread/INFO]: View Distance: 10
[04:00:52] [Server thread/INFO]: Simulation Distance: 10
[04:00:52] [Server thread/INFO]: Item Merge Radius: 2.5
[04:00:52] [Server thread/INFO]: Experience Merge Radius: 3.0
[04:00:52] [Server thread/INFO]: Mob Spawn Range: 8
[04:00:52] [Server thread/INFO]: Item Despawn Rate: 6000
[04:00:52] [Server thread/INFO]: Arrow Despawn Rate: 1200 Trident Respawn Rate:1200
[04:00:52] [Server thread/INFO]: Zombie Aggressive Towards Villager: true
[04:00:52] [Server thread/INFO]: Nerfing mobs spawned from spawners: false
[04:00:52] [Server thread/INFO]: Allow Zombie Pigmen to spawn from portal blocks: true
[04:00:52] [Server thread/INFO]: Cactus Growth Modifier: 100%
[04:00:52] [Server thread/INFO]: Cane Growth Modifier: 100%
[04:00:52] [Server thread/INFO]: Melon Growth Modifier: 100%
[04:00:52] [Server thread/INFO]: Mushroom Growth Modifier: 100%
[04:00:52] [Server thread/INFO]: Pumpkin Growth Modifier: 100%
[04:00:52] [Server thread/INFO]: Sapling Growth Modifier: 100%
[04:00:52] [Server thread/INFO]: Beetroot Growth Modifier: 100%
[04:00:52] [Server thread/INFO]: Carrot Growth Modifier: 100%
[04:00:52] [Server thread/INFO]: Potato Growth Modifier: 100%
[04:00:52] [Server thread/INFO]: TorchFlower Growth Modifier: 100%
[04:00:52] [Server thread/INFO]: Wheat Growth Modifier: 100%
[04:00:52] [Server thread/INFO]: NetherWart Growth Modifier: 100%
[04:00:52] [Server thread/INFO]: Vine Growth Modifier: 100%
[04:00:52] [Server thread/INFO]: Cocoa Growth Modifier: 100%
[04:00:52] [Server thread/INFO]: Bamboo Growth Modifier: 100%
[04:00:52] [Server thread/INFO]: SweetBerry Growth Modifier: 100%
[04:00:52] [Server thread/INFO]: Kelp Growth Modifier: 100%
[04:00:52] [Server thread/INFO]: TwistingVines Growth Modifier: 100%
[04:00:52] [Server thread/INFO]: WeepingVines Growth Modifier: 100%
[04:00:52] [Server thread/INFO]: CaveVines Growth Modifier: 100%
[04:00:52] [Server thread/INFO]: GlowBerry Growth Modifier: 100%
[04:00:52] [Server thread/INFO]: PitcherPlant Growth Modifier: 100%
[04:00:52] [Server thread/INFO]: Entity Activation Range: An 40 / Mo 40 / Ra 48 / Mi 32 / Tiv true / Isa false
[04:00:52] [Server thread/INFO]: Entity Tracking Range: Pl 48 / An 48 / Mo 48 / Mi 64 / Di 128 / Other 64
[04:00:52] [Server thread/INFO]: Hopper Transfer: 8 Hopper Check: 1 Hopper Amount: 1 Hopper Can Load Chunks: false
[04:00:52] [Server thread/INFO]: Custom Map Seeds:  Village: 10387312 Desert: 14357617 Igloo: 14357618 Jungle: 14357619 Swamp: 14357620 Monument: 10387313 Ocean: 14357621 Shipwreck: 165745295 End City: 10387313 Slime: 987234911 Nether: 30084232 Mansion: 10387319 Fossil: 14357921 Portal: 34222645
[04:00:52] [Server thread/INFO]: Max TNT Explosions: 100
[04:00:52] [Server thread/INFO]: Tile Max Tick Time: 50ms Entity max Tick Time: 50ms
[04:00:52] [Server thread/INFO]: Preparing start region for dimension minecraft:world_nether
[04:00:53] [Server thread/INFO]: Time elapsed: 228 ms
[04:00:53] [Server thread/INFO]: [WorldGuard] (world_nether) TNT ignition is PERMITTED.
[04:00:53] [Server thread/INFO]: [WorldGuard] (world_nether) Lighters are PERMITTED.
[04:00:53] [Server thread/INFO]: [WorldGuard] (world_nether) Lava fire is PERMITTED.
[04:00:53] [Server thread/INFO]: [WorldGuard] (world_nether) Fire spread is UNRESTRICTED.
[04:00:53] [Server thread/INFO]: [WorldGuard] Loaded configuration for world 'world_nether'
[04:00:53] [Server thread/INFO]: [Multiverse-Core] 6 - World(s) loaded.
[04:00:53] [Server thread/WARN]: [Multiverse-Core] Buscript failed to load! The script command will be disabled! If you would like not to see this message, use `/mv conf enablebuscript false` to disable Buscript from loading.
[04:00:53] [Server thread/INFO]: [Multiverse-Core] Version 4.3.14 (API v24) Enabled - By dumptruckman, Rigby, fernferret, lithium3141 and main--
[04:00:53] [Server thread/INFO]: [PlaceholderAPI] Enabling PlaceholderAPI v2.11.6
[04:00:53] [Server thread/INFO]: [PlaceholderAPI] Fetching available expansion information...
[04:00:53] [Server thread/INFO]: [MythicMobs] Enabling MythicMobs v5.8.0-SNAPSHOT-7b1a5e36
[04:00:53] [Server thread/INFO]: [MythicMobs] Loading MythicMobs for Paper (MC: 1.21.1)...
[04:00:53] [Server thread/INFO]: [MythicMobs] The server is running Paper; enabled Paper exclusive functionality
[04:00:55] [Server thread/INFO]: [MythicMobs] [STDOUT] END_SPAWN_POINT
[04:00:55] [Server thread/WARN]: Nag author(s): '[Lumine]' of 'MythicMobs v5.8.0-SNAPSHOT-7b1a5e36' about their usage of System.out/err.print. Please use your plugin's logger instead (JavaPlugin#getLogger).
[04:00:55] [Server thread/INFO]: [MythicMobs] [STDOUT] RAIN_DELAY
[04:00:55] [Server thread/INFO]: [MythicMobs] [STDOUT] RAIN_DURATION
[04:00:55] [Server thread/INFO]: [MythicMobs] [STDOUT] THUNDER_DELAY
[04:00:55] [Server thread/INFO]: [MythicMobs] [STDOUT] THUNDER_DURATION
[04:00:55] [Server thread/INFO]: [MythicMobs] [STDOUT] LOGGER
[04:00:55] [Server thread/INFO]: [MythicMobs] [STDOUT] EMPTY_TIME_NO_TICK
[04:00:55] [Server thread/INFO]: [MythicMobs] [STDOUT] MAX_SCHEDULED_TICKS_PER_TICK
[04:00:55] [Server thread/INFO]: [MythicMobs] [STDOUT] players
[04:00:55] [Server thread/INFO]: [MythicMobs] [STDOUT] chunkSource
[04:00:55] [Server thread/INFO]: [MythicMobs] [STDOUT] server
[04:00:55] [Server thread/INFO]: [MythicMobs] [STDOUT] serverLevelData
[04:00:55] [Server thread/INFO]: [MythicMobs] [STDOUT] lastSpawnChunkRadius
[04:00:55] [Server thread/INFO]: [MythicMobs] [STDOUT] entityTickList
[04:00:55] [Server thread/INFO]: [MythicMobs] [STDOUT] gameEventDispatcher
[04:00:55] [Server thread/INFO]: [MythicMobs] [STDOUT] noSave
[04:00:55] [Server thread/INFO]: [MythicMobs] [STDOUT] sleepStatus
[04:00:55] [Server thread/INFO]: [MythicMobs] [STDOUT] emptyTime
[04:00:55] [Server thread/INFO]: [MythicMobs] [STDOUT] portalForcer
[04:00:55] [Server thread/INFO]: [MythicMobs] [STDOUT] blockTicks
[04:00:55] [Server thread/INFO]: [MythicMobs] [STDOUT] fluidTicks
[04:00:55] [Server thread/INFO]: [MythicMobs] [STDOUT] pathTypesByPosCache
[04:00:55] [Server thread/INFO]: [MythicMobs] [STDOUT] navigatingMobs
[04:00:55] [Server thread/INFO]: [MythicMobs] [STDOUT] isUpdatingNavigations
[04:00:55] [Server thread/INFO]: [MythicMobs] [STDOUT] raids
[04:00:55] [Server thread/INFO]: [MythicMobs] [STDOUT] blockEvents
[04:00:55] [Server thread/INFO]: [MythicMobs] [STDOUT] blockEventsToReschedule
[04:00:55] [Server thread/INFO]: [MythicMobs] [STDOUT] handlingTick
[04:00:55] [Server thread/INFO]: [MythicMobs] [STDOUT] customSpawners
[04:00:55] [Server thread/INFO]: [MythicMobs] [STDOUT] dragonFight
[04:00:55] [Server thread/INFO]: [MythicMobs] [STDOUT] dragonParts
[04:00:55] [Server thread/INFO]: [MythicMobs] [STDOUT] structureManager
[04:00:55] [Server thread/INFO]: [MythicMobs] [STDOUT] structureCheck
[04:00:55] [Server thread/INFO]: [MythicMobs] [STDOUT] tickTime
[04:00:55] [Server thread/INFO]: [MythicMobs] [STDOUT] randomSequences
[04:00:55] [Server thread/INFO]: [MythicMobs] [STDOUT] convertable
[04:00:55] [Server thread/INFO]: [MythicMobs] [STDOUT] uuid
[04:00:55] [Server thread/INFO]: [MythicMobs] [STDOUT] hasPhysicsEvent
[04:00:55] [Server thread/INFO]: [MythicMobs] [STDOUT] hasEntityMoveEvent
[04:00:55] [Server thread/INFO]: [MythicMobs] [STDOUT] wireHandler
[04:00:55] [Server thread/INFO]: [MythicMobs] [STDOUT] markedClosing
[04:00:55] [Server thread/INFO]: [MythicMobs] [STDOUT] viewDistanceHolder
[04:00:55] [Server thread/INFO]: [MythicMobs] [STDOUT] chunkLoader
[04:00:55] [Server thread/INFO]: [MythicMobs] [STDOUT] entityDataController
[04:00:55] [Server thread/INFO]: [MythicMobs] [STDOUT] poiDataController
[04:00:55] [Server thread/INFO]: [MythicMobs] [STDOUT] chunkDataController
[04:00:55] [Server thread/INFO]: [MythicMobs] [STDOUT] chunkTaskScheduler
[04:00:55] [Server thread/INFO]: [MythicMobs] [STDOUT] lastMidTickFailure
[04:00:55] [Server thread/INFO]: [MythicMobs] [STDOUT] tickedBlocksOrFluids
[04:00:55] [Server thread/INFO]: [MythicMobs] [STDOUT] nearbyPlayers
[04:00:55] [Server thread/INFO]: [MythicMobs] [STDOUT] EMPTY_CHUNK_AND_HOLDERS
[04:00:55] [Server thread/INFO]: [MythicMobs] [STDOUT] loadedChunks
[04:00:55] [Server thread/INFO]: [MythicMobs] [STDOUT] tickingChunks
[04:00:55] [Server thread/INFO]: [MythicMobs] [STDOUT] entityTickingChunks
[04:00:55] [Server thread/INFO]: [MythicMobs] [STDOUT] lagCompensationTick
[04:00:55] [Server thread/INFO]: [MythicMobs] [STDOUT] currentlyTickingEntity
[04:00:55] [Server thread/INFO]: [PlaceholderAPI] Successfully registered internal expansion: mythic [5.0.0]
[04:00:56] [Server thread/INFO]: [MythicMobs] Mythic PlaceholderAPI Support has been enabled!
[04:00:56] [Server thread/INFO]: [MythicMobs] Mythic ProtocolLib Support has been enabled!
[04:00:56] [Server thread/INFO]: [MythicMobs] Mythic Vault Support has been enabled!
[04:00:56] [Server thread/INFO]: [MythicMobs] Mythic WorldGuard Support has been enabled!
[04:00:56] [Server thread/INFO]: [MythicMobs] Base directory /workspaces/TestServer/servidor_minecraft/plugins/MythicMobs/data
[04:00:56] [Server thread/INFO]: [MythicMobs] Module directory /workspaces/TestServer/servidor_minecraft/plugins/MythicMobs/data/worlds
[04:00:59] [Server thread/INFO]: [MythicMobs] Loading Packs...
[04:01:00] [Server thread/INFO]: [MythicMobs] Loading Items...
[04:01:00] [Server thread/INFO]: [MythicMobs] Loading Item Groups...
[04:01:00] [Server thread/INFO]: [MythicMobs] Loading Skills...
[04:01:01] [Server thread/INFO]: [MythicMobs] Loading Drop Tables...
[04:01:01] [Server thread/INFO]: [MythicMobs] Loading Random Spawns...
[04:01:01] [Server thread/INFO]: [MythicMobs] Loading Spawn Blocks...
[04:01:01] [Server thread/INFO]: [MythicMobs] Spawners folder not found! Creating...
[04:01:01] [Server thread/INFO]: [MythicMobs] ✓ Loaded 18 mobs.
[04:01:01] [Server thread/INFO]: [MythicMobs] ✓ Loaded 3 vanilla mob overrides.
[04:01:01] [Server thread/INFO]: [MythicMobs] ✓ Loaded 0 mob stacks.
[04:01:01] [Server thread/INFO]: [MythicMobs] ✓ Loaded 14 skills.
[04:01:01] [Server thread/INFO]: [MythicMobs] ✓ Loaded 2 random spawns.
[04:01:01] [Server thread/INFO]: [MythicMobs] ✓ Loaded 7 mythic items.
[04:01:01] [Server thread/INFO]: [MythicMobs] ✓ Loaded 3 drop tables.
[04:01:01] [Server thread/INFO]: [MythicMobs] ✓ Loaded 0 mob spawners.
[04:01:01] [Server thread/INFO]: [MythicMobs] MythicMobs configuration file loaded successfully.
[04:01:01] [Server thread/INFO]: [MythicMobs] Started up bStats Metrics
[04:01:01] [Server thread/INFO]: [MythicMobs] ✓ MythicMobs Premium v5.8.0 ( build 7b1a5e36 ) has been successfully loaded!
[04:01:02] [Server thread/INFO]: [MythicMobs] Model Engine Compatibility Loaded.
[04:01:02] [Server thread/INFO]: [ModelEngine] [S] Compatibility applied: MythicMobs
[04:01:02] [Server thread/INFO]: [Essentials] Enabling Essentials v2.21.0-dev+149-424816e
[04:01:03] [Server thread/ERROR]: [Essentials] You are running an unsupported server version!
[04:01:03] [Server thread/INFO]: [Essentials] Attempting to convert old kits in config.yml to new kits.yml
[04:01:03] [Server thread/INFO]: [Essentials] No kits found to migrate.
[04:01:03] [Server thread/INFO]: [Essentials] Loaded 43465 items from items.json.
[04:01:03] [Server thread/INFO]: [Essentials] Using locale en
[04:01:03] [Server thread/INFO]: [Essentials] ServerListPingEvent: Spigot iterator API
[04:01:04] [Server thread/INFO]: [Essentials] Starting Metrics. Opt-out using the global bStats config.
[04:01:04] [Server thread/INFO]: [Vault] [Economy] Essentials Economy hooked.
[04:01:04] [Server thread/INFO]: [Essentials] Using Vault based permissions (LuckPerms)
[04:01:04] [Server thread/INFO]: [Orebfuscator] Enabling Orebfuscator v5.5.1
[04:01:05] [Server thread/INFO]: [ItemsAdder] Enabling ItemsAdder v4.0.6
[04:01:05] [Server thread/INFO]: [ItemsAdder] 
                                                   ItemsAdder 4.0.6
  ___  ___        __        __   __   ___  __      LoneLibs 1.0.63
|  |  |__   |\/| /__`  /\  |  \ |  \ |__  |__)     ProtocolLib 5.4.0-SNAPSHOT-739
|  |  |___  |  | .__/ /--\ |__/ |__/ |___ |  \     Paper 1.21.1-132-b48403b (MC: 1.21.1)
                                                   Build Date: 2024-12-19_14.54.20
                                                   Java Version: 21.0.9
                                                   OS: Linux 6.8.0-1030-azure
[04:01:06] [Server thread/WARN]: [ItemsAdder] 'apply_on_join' and 'apply_during_chunk_load_phase' are both enabled. Please, disable one of them.
[04:01:07] [Server thread/INFO]: [ItemsAdder] [Pack] Extracting internal contents from .jar
[04:01:07] [Server thread/INFO]: [ItemsAdder] [Pack] Done extracting internal contents from .jar
[04:01:09] [Server thread/INFO]: [HibiscusCommons] Enabling HibiscusCommons v0.4.6
[04:01:09] [Server thread/INFO]: [HibiscusCommons] Detected Paper! Enabling Paper support...
[04:01:09] [Server thread/INFO]: [HibiscusCommons] Successfully hooked into PlaceholderAPI
[04:01:09] [Server thread/INFO]: [HibiscusCommons] Successfully hooked into ModelEngine
[04:01:09] [Server thread/INFO]: [HibiscusCommons] Successfully hooked into itemsadder
[04:01:09] [Server thread/INFO]: [HibiscusCommons] Successfully hooked into mythicmobs
[04:01:09] [Server thread/INFO]: [HibiscusCommons] Successfully hooked into HMCCosmetics
[04:01:09] [Server thread/INFO]: [CMILib] Enabling CMILib v1.5.2.3
[04:01:10] [Server thread/INFO]: Server version: v1_21_R1 - 1.21.1 - paper  1.21.1-132-b48403b (MC: 1.21.1)
[04:01:10] [Server thread/INFO]: Environment: Environment[sessionHost=https://sessionserver.mojang.com, servicesHost=https://api.minecraftservices.com, name=PROD]
[04:01:10] [Server thread/INFO]: [PlaceholderAPI] Successfully registered internal expansion: cmil [1.5.2.3]
[04:01:10] [Server thread/INFO]: PlaceholderAPI hooked.
[04:01:11] [Server thread/INFO]: Updated (EN) language file. Took 116ms
[04:01:11] [Server thread/INFO]: [ShopGUIPlus] Enabling ShopGUIPlus v1.101.1
[04:01:11] [Server thread/INFO]: [ShopGUIPlus] [STDOUT] [Spigotunlocked.com] - COSMO
[04:01:11] [Server thread/WARN]: Nag author(s): '[brc]' of 'ShopGUIPlus v1.101.1' about their usage of System.out/err.print. Please use your plugin's logger instead (JavaPlugin#getLogger).
[04:01:11] [Server thread/INFO]: [EssentialsChat] Enabling EssentialsChat v2.21.0-dev+149-424816e
[04:01:11] [Server thread/INFO]: [EssentialsChat] Starting Metrics. Opt-out using the global bStats config.
[04:01:11] [Server thread/INFO]: [TAB] Enabling TAB v5.0.3
[04:01:11] [Server thread/INFO]: [TAB] Loaded NMS hook in 36ms
[04:01:11] [Server thread/INFO]: [TAB] Enabled in 283ms
[04:01:11] [Server thread/INFO]: [HMCCosmetics] Enabling HMCCosmetics v2.7.3
[04:01:11] [Server thread/INFO]: [PlaceholderAPI] Successfully registered internal expansion: HMCCosmetics [2.7.3]
[04:01:12] [Server thread/INFO]: [HMCCosmetics] Successfully Enabled HMCCosmetics
[04:01:12] [Server thread/INFO]: [HMCCosmetics] 20 Cosmetics Successfully Setup
[04:01:12] [Server thread/INFO]: [HMCCosmetics] 1 Menus Successfully Setup
[04:01:12] [Server thread/INFO]: [HMCCosmetics] 1 Wardrobes Successfully Setup
[04:01:12] [Server thread/INFO]: [HMCCosmetics] Data storage is set to sqlite
[04:01:12] [Server thread/INFO]: [MyCommand] Enabling MyCommand v5.7.4
[04:01:12] [Server thread/INFO]: *-=-=-=-=-=-=-=-=-* MyCommand v.5.7.4*-=-=-=-=-=-=-=-=-=-*
[04:01:12] [Server thread/INFO]: | Hooked on Vault 1.7.3-b131
[04:01:12] [Server thread/INFO]: | Logs Directory Created /MyCommand/logs/
[04:01:12] [Server thread/INFO]: | PlayerData Directory Created /MyCommand/playerdata/
[04:01:12] [Server thread/INFO]: | Command file(s) found : 2
[04:01:12] [Server thread/INFO]: | Config : Ready.
[04:01:12] [Server thread/INFO]: | ProtocolLib found, features availables (SignMenu)
[04:01:12] [Server thread/INFO]: [PlaceholderAPI] Successfully registered internal expansion: mycommand [1.0.0]
[04:01:12] [Server thread/INFO]: | Placeholder_API : Hooked, Ok.
[04:01:12] [Server thread/INFO]: | Custom commands loaded : 47
[04:01:12] [Server thread/INFO]: | New update available : MyCommand v5.7.5
[04:01:12] [Server thread/INFO]: |          by emmerrei a.k.a. ivanfromitaly.           
[04:01:12] [Server thread/INFO]: *-=-=-=-=-=-=-=-=-=-*   Done!   *-=-=-=-=-=-=-=-=-=-=-*
[04:01:12] [Server thread/INFO]: [AnimatedScoreboard] Enabling AnimatedScoreboard v0.3.5
[04:01:12] [Server thread/INFO]: [PlaceholderAPI] Successfully registered internal expansion: animatedscoreboard [0.0.1]
[04:01:12] [Server thread/INFO]: [Jobs] Enabling Jobs v5.2.4.5
[04:01:12] [Server thread/INFO]: ------------- Jobs -------------
[04:01:12] [Server thread/INFO]: [PlaceholderAPI] Successfully registered internal expansion: jobsr [5.2.4.5]
[04:01:12] [Server thread/INFO]: PlaceholderAPI hooked.
[04:01:12] [Server thread/INFO]: Connected to database (SqLite)
[04:01:13] [Server thread/INFO]: Loaded 9 titles
[04:01:13] [Server thread/INFO]: Loaded 2 restricted areas!
[04:01:13] [Server thread/INFO]: Loaded 119 protected blocks timers
[04:01:13] [Server thread/INFO]: Loaded 1481 custom item names
[04:01:13] [Server thread/INFO]: Loaded 84 custom entity names
[04:01:13] [Server thread/INFO]: Loaded 2 custom MythicMobs names
[04:01:13] [Server thread/INFO]: Loaded 42 custom enchant names
[04:01:13] [Server thread/INFO]: Loaded 46 custom enchant names
[04:01:13] [Server thread/INFO]: Loaded 16 custom color names
[04:01:13] [Server thread/INFO]: Update shops items icon section and use 'ItemStack' instead
[04:01:13] [Server thread/INFO]: Loaded 9 shop items
[04:01:13] [Server thread/INFO]: Update Fundidor jobs gui item section to use `ItemStack` instead of `Item` sections format. More information inside _EXAMPLE job file
[04:01:13] [Server thread/INFO]: Loaded 19 jobs
[04:01:13] [Server thread/INFO]: Loaded 0 boosted items
[04:01:13] [Server thread/INFO]: Loaded 5 furnace for reassigning.
[04:01:13] [Server thread/INFO]: Loaded 1 blastfurnace for reassigning.
[04:01:13] [Jobs-DatabaseSaveTask/INFO]: Started database save task.
[04:01:13] [Jobs-BufferedPaymentThread/INFO]: Started buffered payment thread.
[04:01:13] [Server thread/INFO]: Preloaded 5 players data in 0.02
[04:01:13] [Server thread/INFO]: Registering listeners...
[04:01:13] [Server thread/INFO]: Listeners registered successfully
[04:01:13] [Server thread/INFO]: Plugin has been enabled successfully.
[04:01:13] [Server thread/INFO]: ------------------------------------
[04:01:13] [Server thread/INFO]: [MythicCrucible] Enabling MythicCrucible v2.1.0-SNAPSHOT
[04:01:13] [Server thread/INFO]: [MythicMobs] §6------------------------------------------------
[04:01:13] [Server thread/INFO]: [MythicMobs] §b+ Loading MythicCrucible for Bukkit
[04:01:13] [Server thread/INFO]: [MythicMobs] §6------------------------------------------------
[04:01:13] [Server thread/INFO]: [MythicMobs] Registering Durability Listener
[04:01:22] [Server thread/INFO]: [MythicMobs] Started up bStats Metrics
[04:01:22] [Server thread/INFO]: [MythicMobs] MythicCrucible Support has been enabled!
[04:01:22] [Server thread/INFO]: [MythicMobs] MythicCrucible WorldEdit support enabled!
[04:01:22] [Server thread/INFO]: [MythicMobs] Attached traits to items.
[04:01:22] [Server thread/INFO]: [MythicMobs] Loaded 7 items.
[04:01:22] [Server thread/INFO]: [MythicMobs] ✓ MythicCrucible  v2.1.0 has been successfully loaded!
[04:01:22] [Server thread/INFO]: [Chunky] Enabling Chunky v1.4.28
[04:01:22] [Server thread/INFO]: [SepareWorldItems] Enabling SepareWorldItems v1.2.21
[04:01:22] [Server thread/INFO]: ------------------------------------
[04:01:22] [Server thread/INFO]:  On SepareWorldItems 1.2.21
[04:01:22] [Server thread/INFO]:  
[04:01:22] [Server thread/INFO]:  Thanks for using SepareWorldItems :D
[04:01:22] [Server thread/INFO]:  Created By: Happyuky7
[04:01:22] [Server thread/INFO]:  
[04:01:22] [Server thread/INFO]:  Version Server: 1.21.1-132-b48403b (MC: 1.21.1)
[04:01:22] [Server thread/INFO]:  
[04:01:22] [Server thread/INFO]:  Discord: https://discord.gg/3EebYUyeUX
[04:01:22] [Server thread/INFO]:  GitHub: https://github.com/Happyuky7/SEPARE-WORLD-ITEMS
[04:01:22] [Server thread/INFO]: ------------------------------------
[04:01:22] [Server thread/INFO]:  
[04:01:22] [Server thread/INFO]: ------------------------------------
[04:01:22] [Server thread/INFO]:  [Register]: Load Files.
[04:01:22] [Server thread/INFO]: ------------------------------------
[04:01:22] [Server thread/INFO]:  [Register]: Load Langs Files.
[04:01:22] [Server thread/INFO]: ------------------------------------
[04:01:22] [Server thread/INFO]:  [Register]: Load Commands.
[04:01:22] [Server thread/INFO]: ------------------------------------
[04:01:22] [Server thread/INFO]:  [Register]: Load Events.
[04:01:22] [Server thread/INFO]: ------------------------------------
[04:01:22] [Server thread/INFO]:  [Register]: Reload Files.
[04:01:22] [Server thread/INFO]: ------------------------------------
[04:01:22] [Server thread/INFO]: [Quests] Enabling Quests v3.15.2-b216e2b
[04:01:22] [Server thread/INFO]: [Quests] Running server scheduler: FoliaServerScheduler
[04:01:22] [Server thread/INFO]: [Quests] Initialising storage provider 'yaml'
[04:01:22] [Server thread/INFO]: [Quests] Your server is running version 1.21
[04:01:22] [Server thread/ERROR]: [Quests] Could not set color for the initialized boss bar implementation, using default instead!
[04:01:22] [Server thread/ERROR]: [Quests] Update your config to latest version! (color section is missing)
[04:01:22] [Server thread/ERROR]: [Quests] https://github.com/LMBishop/Quests/blob/master/bukkit/src/main/resources/resources/bukkit/config.yml
[04:01:22] [Server thread/ERROR]: [Quests] Could not set style for the initialized boss bar implementation, using default instead!
[04:01:22] [Server thread/ERROR]: [Quests] Update your config to latest version! (style section is missing)
[04:01:22] [Server thread/ERROR]: [Quests] https://github.com/LMBishop/Quests/blob/master/bukkit/src/main/resources/resources/bukkit/config.yml
[04:01:22] [Server thread/INFO]: [Quests] Metrics started. This can be disabled at /plugins/bStats/config.yml.
[04:01:22] [Folia Async Scheduler Thread #2/INFO]: [Quests] A new version 3.16.1 was found on Spigot (your version: 3.15.2-b216e2b). Please update me! <3 - Link: https://get.leonardobishop.com/quests
[04:01:22] [Server thread/INFO]: [EconomyShopGUI] Enabling EconomyShopGUI v6.9.1
[04:01:22] [Server thread/INFO]: [EconomyShopGUI] [INFO]: Using lang-en.yml as language file.
[04:01:22] [Server thread/INFO]: [EconomyShopGUI] [INFO]: Completed loading 16 section configs from /sections/
[04:01:22] [Server thread/INFO]: [EconomyShopGUI] [INFO]: Completed loading 16 shop configs from /shops/
[04:01:22] [Server thread/INFO]: [EconomyShopGUI] [INFO]: Updating Shop settings...
[04:01:22] [Server thread/INFO]: [EconomyShopGUI] [INFO]: Successfully hooked into Vault
[04:01:22] [Server thread/INFO]: [EconomyShopGUI] [INFO]: Completed loading 1 economy provider(s) for all 14 shop sections.
[04:01:22] [Server thread/INFO]: [EconomyShopGUI] [INFO]: Using minecraft version 1.21.1...
[04:01:22] [Server thread/INFO]: [EconomyShopGUI] [INFO]: Spawner provider set to AUTO in config
[04:01:22] [Server thread/INFO]: [EconomyShopGUI] [INFO]: Automatically searching for compatible spawner provider....
[04:01:22] [Server thread/INFO]: [EconomyShopGUI] [INFO]: Failed to automatically find compatible spawner provider, using default...
[04:01:22] [Server thread/INFO]: [PlaceholderAPI] Successfully registered internal expansion: esgui [1.0.0]
[04:01:22] [Server thread/INFO]: [EconomyShopGUI] [INFO]: Debug mode is enabled.
[04:01:22] [Server thread/INFO]: [EconomyShopGUI] [INFO]: Loading all items...
[04:01:23] [Server thread/INFO]: [EconomyShopGUI] [INFO]: Initialized - Took 580ms to complete
[04:01:23] [ESGUI_UTIL_THREAD #0/INFO]: [EconomyShopGUI] [INFO]: There is an update available for EconomyShopGUI, you are running v6.9.1 but found v6.16.1.
[04:01:23] [ESGUI_UTIL_THREAD #0/INFO]: [EconomyShopGUI] [INFO]: Download at: https://www.spigotmc.org/resources/economyshopgui.69927/
[04:01:23] [Server thread/INFO]: [ConditionalEvents] Enabling ConditionalEvents v4.57.5
[04:01:23] [Server thread/INFO]: [PlaceholderAPI] Successfully registered internal expansion: conditionalevents [4.57.5]
[04:01:23] [Server thread/INFO]: [ConditionalEvents] Has been enabled! Version: 4.57.5
[04:01:23] [Server thread/INFO]: [ConditionalEvents] Thanks for using my plugin!   ~Ajneb97
[04:01:23] [Server thread/INFO]: There is a new version available. (4.72.1)
[04:01:23] [Server thread/INFO]: You can download it at: https://modrinth.com/plugin/conditionalevents
[04:01:23] [Server thread/INFO]: [MCPets] Enabling MCPets v4.1.4
[04:01:23] [Server thread/INFO]: [MCPets] : Language file reloaded.
[04:01:23] [Server thread/INFO]: [MCPets] : Blacklist file reloaded.
[04:01:23] [Server thread/INFO]: Loading pets... 
[04:01:23] [Server thread/INFO]: [MCPets] : 0 pets registered successfully !
[04:01:23] [Server thread/INFO]: [MCPets] : 0 categories registered successfully !
[04:01:23] [Server thread/ERROR]: [MCPets] Could not reach SQL database. Please configure your database parameters.
[04:01:23] [Server thread/INFO]: [MCPets] [Database] Can't initialize MySQL.
[04:01:23] [Server thread/INFO]: [MCPets] [Database] Will be using YAML support instead (no worry it's not a bug).
[04:01:23] [Server thread/INFO]: -=-=-=-= MCPets loaded =-=-=-=-
[04:01:23] [Server thread/INFO]:       Plugin made by Nocsy
[04:01:23] [Server thread/INFO]: -=-=-=-= -=-=-=-=-=-=- =-=-=-=-
[04:01:23] [Server thread/INFO]: -=- Launching Flags -=-
[04:01:23] [Server thread/INFO]: [MCPets] : Starting flag mcpets-dismount.
[04:01:23] [Server thread/INFO]: [MCPets] : Starting flag mcpets-despawn.
[04:01:23] [Server thread/INFO]: [MCPets] : Starting flag mcpets-dismount-flying.
[04:01:23] [Server thread/INFO]: 3 flags launched.
[04:01:23] [Server thread/INFO]: [PvPManager] Enabling PvPManager v3.19.3
[04:01:23] [Server thread/INFO]: [PvPManager] Config file updated from version 82 to version 83
[04:01:23] [Server thread/WARN]: [PvPManager] Checking the config file and adjusting the new settings is highly recommended
[04:01:23] [Server thread/INFO]: [PvPManager] Using player nametags: true
[04:01:23] [Server thread/INFO]: [PvPManager] Connected to SQLITE database successfully
[04:01:23] [Server thread/INFO]: [PvPManager] Players stored: 5
[04:01:23] [Server thread/INFO]: [PvPManager] TAB detected. If you want nametags to change while in combat, set 'anti-override' to false in TAB's config. (Doing that will prevent TAB from changing nametags)
[04:01:23] [Server thread/INFO]: [PvPManager] Or use the premium version of PvPManager which hooks into TAB for nametag/tablist changes.
[04:01:23] [Server thread/INFO]: [PvPManager] WorldGuard Found! Enabling Support For WorldGuard Regions
[04:01:23] [Server thread/INFO]: [PvPManager] Essentials Found! Hooked successfully
[04:01:23] [Server thread/INFO]: [PvPManager] Vault Found! Using it for currency related features
[04:01:23] [Server thread/INFO]: [PvPManager] PlaceholderAPI Found! Hooked successfully
[04:01:23] [Server thread/INFO]: [PlaceholderAPI] Successfully registered internal expansion: pvpmanager [3.19.3]
[04:01:23] [Server thread/INFO]: [PvPManager] PvPManager v3.19.3 enabled (217 ms)
[04:01:23] [Server thread/INFO]: [EssentialsSpawn] Enabling EssentialsSpawn v2.21.0-dev+149-424816e
[04:01:23] [Server thread/INFO]: [EssentialsSpawn] Starting Metrics. Opt-out using the global bStats config.
[04:01:23] [Server thread/INFO]: [BetterTeams] Enabling BetterTeams v4.10.0
[04:01:23] [Server thread/INFO]: [BetterTeams] Checking if the file messages.yml is up to date
[04:01:23] [Server thread/INFO]: [BetterTeams] File is up to date
[04:01:24] [Server thread/INFO]: [PlaceholderAPI] Successfully registered internal expansion: betterTeams [4.10.0]
[04:01:24] [Server thread/INFO]: Display team name config value: prefix
[04:01:24] [Server thread/INFO]: Loading below name. Type: PREFIX
[04:01:24] [Server thread/INFO]: teamManagement declared: com.booksaw.betterTeams.events.MCTeamManagement@5dc2a31
[04:01:24] [Server thread/INFO]: [Shopkeepers] Enabling Shopkeepers v2.23.3
[04:01:24] [Server thread/INFO]: [Shopkeepers] Loading the data of 1 shopkeepers ...
[04:01:24] [Server thread/INFO]: [DeluxeMenus] Enabling DeluxeMenus v1.14.1-DEV-184
[04:01:24] [Server thread/INFO]: [DeluxeMenus] Successfully hooked into PlaceholderAPI!
[04:01:24] [Server thread/INFO]: [DeluxeMenus] Successfully hooked into Vault!
[04:01:26] [Server thread/INFO]: [DeluxeMenus] 117 GUI menus loaded!
[04:01:26] [Server thread/INFO]: [DeluxeMenus] You are running the latest version of DeluxeMenus!
[04:01:26] [Server thread/INFO]: [PlaceholderAPI] Successfully registered internal expansion: deluxemenus [1.14.1-DEV-184]
[04:01:26] [Server thread/INFO]: [ChatManager] Enabling ChatManager v4.0.2
[04:01:26] [Server thread/INFO]: [PlaceholderAPI] Successfully registered internal expansion: chatmanager [4.0.2]
[04:01:26] [PvPManager Worker Thread - 0/INFO]: [PvPManager] Checking for updates...
[04:01:26] [PvPManager Worker Thread - 0/INFO]: [PvPManager] Update available: 4.0.7 Current version: 3.19.3
[04:01:26] [PvPManager Worker Thread - 0/INFO]: [PvPManager] Since v4.0 is a huge update, it changes a lot of the config and messages file. This makes it unable to be automatically updated. Please manually download the update from the links below and copy any settings you need from the old config.
[04:01:26] [PvPManager Worker Thread - 0/INFO]: [PvPManager] Follow one of the links to download: 
- https://modrinth.com/plugin/pvpmanager
- https://dev.bukkit.org/projects/pvpmanager
[04:01:26] [Server thread/INFO]: [spark] Starting background profiler...
[04:01:27] [Server thread/INFO]: [PlaceholderAPI] Placeholder expansion registration initializing...
[04:01:27] [Server thread/INFO]: Done preparing level "Athenia" (39.862s)
[04:01:27] [Server thread/INFO]: Starting GS4 status listener
[04:01:27] [Query Listener #1/INFO]: Query running on 0.0.0.0:25565
[04:01:27] [Server thread/INFO]: Thread Query Listener started
[04:01:27] [Server thread/INFO]: Running delayed init tasks
[04:01:27] [Craft Scheduler Thread - 6 - ModelEngine/INFO]: [ModelEngine] [A] 
[04:01:27] [Craft Scheduler Thread - 6 - ModelEngine/INFO]: [ModelEngine] [A] [Importing models]
[04:01:28] [Server thread/INFO]: [Essentials] Essentials found a compatible payment resolution method: Vault Compatibility Layer (v1.7.3-b131)!
[04:01:28] [Craft Scheduler Thread - 6 - ModelEngine/INFO]: [ModelEngine] [A] 
[04:01:28] [Craft Scheduler Thread - 6 - ModelEngine/INFO]: [ModelEngine] [A] Importing cointoss.bbmodel.
[04:01:28] [Craft Scheduler Thread - 16 - AnimatedScoreboard/INFO]: [AnimatedScoreboard] Checking for an update!
[04:01:28] [Craft Scheduler Thread - 8 - Vault/INFO]: [Vault] Checking for Updates ... 
[04:01:28] [Craft Scheduler Thread - 15 - CMILib/INFO]: New version of CMILib was detected. Please update it
[04:01:28] [Craft Scheduler Thread - 8 - Vault/INFO]: [Vault] No new version available
[04:01:28] [Craft Scheduler Thread - 11 - Essentials/INFO]: [Essentials] Fetching version information...
[04:01:28] [Craft Scheduler Thread - 13 - ItemsAdder/INFO]: [ItemsAdder]  
[04:01:28] [Craft Scheduler Thread - 13 - ItemsAdder/INFO]: [ItemsAdder] UPDATE available!
[04:01:28] [Craft Scheduler Thread - 13 - ItemsAdder/INFO]: [ItemsAdder] Current version: 4.0.6
[04:01:28] [Craft Scheduler Thread - 13 - ItemsAdder/INFO]: [ItemsAdder] Online version: 4.0.15
[04:01:28] [Craft Scheduler Thread - 13 - ItemsAdder/INFO]: [ItemsAdder]  
[04:01:28] [Craft Scheduler Thread - 17 - BetterTeams/WARN]: §4There is a new version of better teams released update here: https://www.spigotmc.org/resources/better-teams.17129/
[04:01:28] [Craft Scheduler Thread - 16 - AnimatedScoreboard/INFO]: [AnimatedScoreboard] You are 2 versions behind! Get AnimatedScoreboard(v0.3.7) at:
[04:01:28] [Craft Scheduler Thread - 16 - AnimatedScoreboard/INFO]: [AnimatedScoreboard] https://www.spigotmc.org/resources/20848
[04:01:28] [Craft Scheduler Thread - 5 - ItemsAdder/INFO]: [ItemsAdder] [License] Spigot product licensed to: TheRealMikey (147293)
[04:01:28] [Craft Scheduler Thread - 6 - ModelEngine/WARN]: [ModelEngine] [A] --Warning: Missing hitbox.
[04:01:28] [Server thread/INFO]: WorldGuard detected.
[04:01:28] [Server thread/INFO]: MythicMobs 5.x detected.
[04:01:28] [Server thread/INFO]: [Jobs] Successfully linked with Vault. (XConomy)
[04:01:28] [Server thread/INFO]: [Jobs] Successfully linked with Vault. (LuckPerms)
[04:01:28] [Craft Scheduler Thread - 6 - ModelEngine/INFO]: [ModelEngine] [A] 
[04:01:28] [Craft Scheduler Thread - 6 - ModelEngine/INFO]: [ModelEngine] [A] Importing lr_lockers.bbmodel.
[04:01:28] [Craft Scheduler Thread - 6 - ModelEngine/INFO]: [ModelEngine] [A] 
[04:01:28] [Craft Scheduler Thread - 6 - ModelEngine/INFO]: [ModelEngine] [A] Importing nm_orca.bbmodel.
[04:01:28] [Server thread/INFO]: [PlaceholderAPI] An update for PlaceholderAPI (v2.11.7) is available at:
[04:01:28] [Server thread/INFO]: [PlaceholderAPI] https://www.spigotmc.org/resources/placeholderapi.6245/
[04:01:28] [Server thread/INFO]: [HMCCosmetics] +++++++++++++++++++++++++++++++++++
[04:01:28] [Server thread/INFO]: [HMCCosmetics] There is a new update for HMCCosmetics!
[04:01:28] [Server thread/INFO]: [HMCCosmetics] Please download it as soon as possible for possible fixes and new features.
[04:01:28] [Server thread/INFO]: [HMCCosmetics] Current Version 2.7.3 | Latest Version 2.8.1
[04:01:28] [Server thread/INFO]: [HMCCosmetics] Polymart: https://polymart.org/resource/1879
[04:01:28] [Server thread/INFO]: [HMCCosmetics] +++++++++++++++++++++++++++++++++++
[04:01:28] [Server thread/INFO]: Done (92.124s)! For help, type "help"
[04:01:28] [Server thread/INFO]: Timings Reset
[04:01:28] [Server thread/INFO]: [PlaceholderAPI] Successfully registered internal expansion: quests [3.15.2-b216e2b]
[04:01:29] [Server thread/INFO]: [Quests] Successfully hooked into XConomy economy.
[04:01:29] [Craft Scheduler Thread - 11 - Essentials/WARN]: [Essentials] You're 149 EssentialsX dev build(s) out of date!
[04:01:29] [Craft Scheduler Thread - 11 - Essentials/WARN]: [Essentials] Download it here: https://essentialsx.net/downloads.html
[04:01:29] [Craft Scheduler Thread - 6 - ModelEngine/INFO]: [ModelEngine] [A] 
[04:01:29] [Craft Scheduler Thread - 6 - ModelEngine/INFO]: [ModelEngine] [A] Resource pack zipped.
[04:01:29] [Server thread/INFO]: [Quests] 47 task types have been registered.
[04:01:29] [Server thread/INFO]: [Quests] 0 quest items have been registered.
[04:01:29] [Craft Scheduler Thread - 14 - ItemsAdder/INFO]: [ItemsAdder] Loaded 95 items
[04:01:29] [Craft Scheduler Thread - 14 - ItemsAdder/INFO]: [ItemsAdder] Used 0/188 REAL block IDs
[04:01:29] [Craft Scheduler Thread - 14 - ItemsAdder/INFO]: [ItemsAdder] Used 0/750 REAL_NOTE block IDs
[04:01:29] [Craft Scheduler Thread - 14 - ItemsAdder/INFO]: [ItemsAdder] Used 0/63 REAL_TRANSPARENT block IDs
[04:01:29] [Craft Scheduler Thread - 14 - ItemsAdder/INFO]: [ItemsAdder] Used 0/127 REAL_WIRE block IDs
[04:01:29] [Craft Scheduler Thread - 14 - ItemsAdder/INFO]: [ItemsAdder] Used 0/14 FIRE block IDs
[04:01:29] [Craft Scheduler Thread - 14 - ItemsAdder/INFO]: [ItemsAdder] Used 132/6608 font_images
[04:01:29] [Craft Scheduler Thread - 14 - ItemsAdder/INFO]: [ItemsAdder] [Init] Loaded 1 categories
[04:01:29] [Craft Scheduler Thread - 14 - ItemsAdder/INFO]: [ItemsAdder] [Init] Loaded successfully.
[04:01:31] [Craft Scheduler Thread - 14 - ItemsAdder/INFO]: [ItemsAdder] [Pack] Resourcepack URL is valid (lobfile). URL: https://lobfile.com/file/Rfad57E2.zip
[04:01:32] [Server thread/INFO]: [Quests] 1456 quests have been registered.
[04:01:33] [Server thread/WARN]: Can't keep up! Is the server overloaded? Running 5180ms or 103 ticks behind
[04:01:33] [Server thread/INFO]: [PlaceholderAPI] Successfully registered internal expansion: img [1.0.1]
[04:01:33] [Server thread/INFO]: [PlaceholderAPI] Successfully registered internal expansion: iaplayerstat [1.0.1]
[04:01:33] [Server thread/INFO]: [Mythic] Reloading plugin...
[04:01:33] [Server thread/INFO]: [MythicMobs] Saving plugin data...
[04:01:33] [Server thread/INFO]: [MythicMobs] ✓Saving Finished
[04:01:33] [Server thread/INFO]: [MythicMobs] Loading Packs...
[04:01:34] [Server thread/INFO]: [MythicMobs] Loading Items...
[04:01:34] [Server thread/INFO]: [MythicMobs] Loading Item Groups...
[04:01:34] [Server thread/INFO]: [MythicMobs] Loading Skills...
[04:01:34] [Server thread/INFO]: [MythicMobs] Loading Drop Tables...
[04:01:34] [Server thread/INFO]: [MythicMobs] Loading Random Spawns...
[04:01:34] [Server thread/INFO]: [MythicMobs] Loading Spawn Blocks...
[04:01:34] [Server thread/INFO]: [MythicMobs] ✓ Loaded 18 mobs.
[04:01:34] [Server thread/INFO]: [MythicMobs] ✓ Loaded 3 vanilla mob overrides.
[04:01:34] [Server thread/INFO]: [MythicMobs] ✓ Loaded 0 mob stacks.
[04:01:34] [Server thread/INFO]: [MythicMobs] ✓ Loaded 14 skills.
[04:01:34] [Server thread/INFO]: [MythicMobs] ✓ Loaded 2 random spawns.
[04:01:34] [Server thread/INFO]: [MythicMobs] ✓ Loaded 7 mythic items.
[04:01:34] [Server thread/INFO]: [MythicMobs] ✓ Loaded 3 drop tables.
[04:01:34] [Server thread/INFO]: [MythicMobs] ✓ Loaded 0 mob spawners.
[04:01:35] [Server thread/INFO]: [MythicMobs] Attached traits to items.
[04:01:35] [Server thread/INFO]: [Mythic] Mythic has finished reloading!
[04:01:35] [Server thread/INFO]: [MythicMobs] Mythic has finished reloading!
[04:01:35] [Server thread/INFO]: [HMCCosmetics] Successfully Enabled HMCCosmetics
[04:01:35] [Server thread/INFO]: [HMCCosmetics] 20 Cosmetics Successfully Setup
[04:01:35] [Server thread/INFO]: [HMCCosmetics] 1 Menus Successfully Setup
[04:01:35] [Server thread/INFO]: [HMCCosmetics] 1 Wardrobes Successfully Setup
[04:01:35] [Server thread/INFO]: [HMCCosmetics] Data storage is set to sqlite
[04:01:35] [Server thread/INFO]: [PlaceholderAPI] Successfully registered external expansion: server [2.7.3]
[04:01:35] [Server thread/WARN]: [PlaceholderAPI] Cannot load expansion playertime due to a missing plugin: PlayerTime
[04:01:35] [Server thread/INFO]: [PlaceholderAPI] Successfully registered external expansion: changeoutput [1.2.2]
[04:01:35] [Server thread/INFO]: [PlaceholderAPI] Successfully registered external expansion: gradient2 [1.1]
[04:01:35] [Server thread/INFO]: [PlaceholderAPI] Successfully registered external expansion: utils [1.0.9]
[04:01:35] [Server thread/WARN]: [PlaceholderAPI] Cannot load expansion playerstats due to a missing plugin: PlayerStats
[04:01:35] [Server thread/INFO]: [PlaceholderAPI] Successfully registered external expansion: objective [4.2.0]
[04:01:35] [Server thread/INFO]: [PlaceholderAPI] Successfully registered external expansion: player [2.0.8]
[04:01:35] [Server thread/INFO]: [PlaceholderAPI] Successfully registered external expansion: localtime [1.2]
[04:01:35] [Server thread/INFO]: [PlaceholderAPI] Successfully registered external expansion: sbtags [1.0.1]
[04:01:35] [Server thread/INFO]: [PlaceholderAPI] Successfully registered external expansion: math [2.0.2]
[04:01:35] [Server thread/INFO]: [PlaceholderAPI] Successfully registered external expansion: essentials [1.5.2]
[04:01:35] [Server thread/INFO]: [PlaceholderAPI] Successfully registered external expansion: statistic [2.0.1]
[04:01:35] [Server thread/INFO]: [PlaceholderAPI] Successfully registered external expansion: playerlist [3.0.8]
[04:01:35] [Server thread/INFO]: [PlaceholderAPI] Successfully registered external expansion: customfont [1.0.1]
[04:01:35] [Server thread/INFO]: [PlaceholderAPI] Successfully registered external expansion: vault [1.8.3]
[04:01:35] [Server thread/INFO]: [PAPI] [Javascript-Expansion] 2 scripts loaded!
[04:01:35] [Server thread/INFO]: [PlaceholderAPI] Successfully registered external expansion: javascript [2.1.2]
[04:01:36] [Server thread/INFO]: [PlaceholderAPI] Successfully registered external expansion: luckperms [5.4-R2]
[04:01:36] [Server thread/INFO]: [PlaceholderAPI] Successfully registered external expansion: gradient [1.0]
[04:01:36] [Server thread/INFO]: [PlaceholderAPI] Successfully registered external expansion: progress [2.1]
[04:01:36] [Server thread/INFO]: 18 placeholder hook(s) registered! 4 placeholder hook(s) have an update available.
[04:01:36] [Server thread/INFO]: [MythicMobs] Loading ProtocolLib listeners...
[04:01:37] [Server thread/INFO]: [ProtocolLib] The updater found an update: 5.4.0 (Running 5.4.0-SNAPSHOT-739). Download at https://www.spigotmc.org/resources/protocollib.1997/
[04:01:37] [Server thread/INFO]: [ShopGUIPlus] ================================[ ShopGUI+ 1.101.1 ]================================
[04:01:37] [Server thread/INFO]: [ShopGUIPlus]  
[04:01:37] [Server thread/INFO]: [ShopGUIPlus] Vault economy registered.
[04:01:37] [Server thread/INFO]: [ShopGUIPlus] Exp economy registered.
[04:01:37] [Server thread/INFO]: [ShopGUIPlus] Vault economy enabled.
[04:01:37] [Server thread/INFO]: [ShopGUIPlus] Exp economy enabled.
[04:01:37] [Server thread/INFO]: [ShopGUIPlus] Using Vault as default economy provider.
[04:01:37] [Server thread/INFO]: [ShopGUIPlus] Permissions support enabled.
[04:01:37] [Server thread/INFO]: [ShopGUIPlus] Enabled item provider for ItemsAdder.
[04:01:37] [Server thread/INFO]: [ShopGUIPlus] Enabled item provider for MythicMobs.
[04:01:37] [Server thread/INFO]: [ShopGUIPlus] No external spawner plugins registered, using built-in spawners support.
[04:01:37] [Server thread/INFO]: [ShopGUIPlus] Loaded 40 main menu items.
[04:01:37] [Server thread/INFO]: [ShopGUIPlus] Loaded shop 'blocks20' with 29 items.
[04:01:37] [Server thread/INFO]: [ShopGUIPlus] Loaded shop 'ores' with 25 items.
[04:01:37] [Server thread/INFO]: [ShopGUIPlus] Loaded shop 'blocks' with 89 items.
[04:01:38] [Server thread/INFO]: [ShopGUIPlus] Loaded shop 'enchantbooks' with 63 items.
[04:01:38] [Server thread/INFO]: [ShopGUIPlus] Loaded shop 'banners' with 76 items.
[04:01:38] [Server thread/INFO]: [ShopGUIPlus] Loaded shop 'food' with 19 items.
[04:01:38] [Server thread/INFO]: [ShopGUIPlus] Loaded shop 'dyes' with 16 items.
[04:01:38] [Server thread/INFO]: [ShopGUIPlus] Loaded shop 'brewing' with 21 items.
[04:01:38] [Server thread/INFO]: [ShopGUIPlus] Loaded shop 'armorweapon' with 51 items.
[04:01:39] [Server thread/INFO]: [ShopGUIPlus] Loaded shop 'special' with 1 items.
[04:01:39] [Server thread/INFO]: [ShopGUIPlus] Loaded shop 'armor' with 24 items.
[04:01:39] [Server thread/INFO]: [ShopGUIPlus] Loaded shop 'xp' with 13 items.
[04:01:39] [Server thread/INFO]: [ShopGUIPlus] Loaded shop 'redstone' with 22 items.
[04:01:39] [Server thread/INFO]: [ShopGUIPlus] Loaded shop 'heads' with 173 items.
[04:01:40] [Server thread/INFO]: [ShopGUIPlus] Loaded shop 'slabs' with 35 items.
[04:01:40] [Server thread/INFO]: [ShopGUIPlus] Loaded shop 'farmfood' with 120 items.
[04:01:40] [Server thread/INFO]: [ShopGUIPlus] Loaded shop 'miscellaneous' with 9 items.
[04:01:40] [Server thread/INFO]: [ShopGUIPlus] Loaded shop 'decoration' with 198 items.
[04:01:40] [Server thread/INFO]: [ShopGUIPlus] Loaded shop 'stairs' with 31 items.
[04:01:40] [Server thread/INFO]: [ShopGUIPlus] Loaded shop 'mobdrops' with 27 items.
[04:01:40] [Server thread/INFO]: [ShopGUIPlus] Loaded shop 'potions' with 45 items.
[04:01:41] [Server thread/INFO]: [ShopGUIPlus] Loaded shop 'tools' with 26 items.
[04:01:41] [Server thread/INFO]: [ShopGUIPlus] Loaded shop 'farming' with 18 items.
[04:01:41] [Server thread/INFO]: [ShopGUIPlus] Loaded shop 'drops' with 18 items.
[04:01:41] [pool-23-thread-2/INFO]: [nAntiBot] [Captcha] Captchas generated successfully. (RAM usage ≃ 8 MB [static only], total = 500, protocol count = 44, threads = 2, took 59.94s)
[04:01:41] [Server thread/INFO]: [ShopGUIPlus] Loaded shop 'misc' with 41 items.
[04:01:41] [Server thread/INFO]: [ShopGUIPlus] Loaded shop 'wood' with 96 items.
[04:01:41] [Server thread/INFO]: [ShopGUIPlus] Loaded 26 shops with total of 1286 items.
[04:01:41] [Server thread/INFO]: [ShopGUIPlus] Loaded 0 permission-based price modifiers.
[04:01:41] [Server thread/INFO]: [ShopGUIPlus] Loaded 7 sounds.
[04:01:41] [Server thread/INFO]: [ShopGUIPlus]  
[04:01:41] [Server thread/INFO]: [ShopGUIPlus] ====================================================================================
[04:01:41] [Server thread/INFO]: [Generation] Starting Pack Generator...
[04:01:41] [Server thread/INFO]: [Generation] Processing ModelEngine Pack...
[04:01:41] [Server thread/INFO]: [Generation] Generating Custom Blocks...
[04:01:41] [Server thread/INFO]: [Generation] Generating Items...
[04:01:41] [Server thread/INFO]: [Generation] Assigning Materials...
[04:01:41] [Server thread/INFO]: [Generation] Generating Sounds...
[04:01:41] [Server thread/INFO]: [Generation] Linking Custom Blocks...
[04:01:41] [Server thread/INFO]: [Generation] Generating Atlas...
[04:01:41] [Server thread/INFO]: [Generation] Zipping Pack...
[04:01:42] [Server thread/INFO]: [Generation] Generation Completed in 156ms
[04:01:42] [Server thread/INFO]: [MyCommand] found an update for MyCommand. Type /mycommand for more infos.
[04:02:33] [User Authenticator #0/INFO]: UUID of player Mdinqt is f1afec0d-dcc8-3917-8765-ef5f0051b637
[04:02:36] [TAB Processing Thread/WARN]: [org.bukkit.craftbukkit.legacy.CraftLegacy] Initializing Legacy Material Support. Unless you have legacy plugins and/or data this is a bug!
[04:02:37] [Server thread/INFO]: Mdinqt[/100.110.200.34:53030] logged in with entity id 95 at ([Athenia]199.64434194219473, 12.0, 408.9998359912354)
[04:02:38] [Server thread/WARN]: Can't keep up! Is the server overloaded? Running 3130ms or 62 ticks behind
[04:02:51] [Server thread/INFO]: Mdinqt lost connection: La contraseña ingresada es incorrecta.
[04:02:56] [User Authenticator #0/INFO]: UUID of player Mdinqt is f1afec0d-dcc8-3917-8765-ef5f0051b637
[04:02:57] [Server thread/INFO]: Mdinqt[/100.110.200.34:53033] logged in with entity id 898 at ([Athenia]199.64434194219473, 12.0, 408.9998359912354)
[04:03:31] [Folia Async Scheduler Thread #3/INFO]: [nLogin] The user Mdinqt has successfully logged in.
[04:05:20] [Server thread/INFO]: Mdinqt issued server command: /iagive Mdinqt xmas_costume:nutcracker_boots
[04:05:24] [Server thread/INFO]: Mdinqt issued server command: /iagive Mdinqt xmas_costume:nutcracker_head
[04:05:28] [Server thread/INFO]: Mdinqt issued server command: /iagive Mdinqt xmas_costume:nutcracker_head
[04:05:32] [Server thread/INFO]: Mdinqt issued server command: /iagive Mdinqt xmas_costume:nutcracker_leggings
[04:05:49] [Server thread/INFO]: Mdinqt issued server command: /iatexture Mdinqt
[04:05:57] [Server thread/INFO]: Mdinqt issued server command: /iareload
[04:05:57] [Server thread/INFO]: [ItemsAdder] Reloading...
[04:05:57] [Server thread/WARN]: [ItemsAdder] 'apply_on_join' and 'apply_during_chunk_load_phase' are both enabled. Please, disable one of them.
[04:05:57] [Server thread/WARN]: [ItemsAdder] 'apply_on_join' and 'apply_during_chunk_load_phase' are both enabled. Please, disable one of them.
[04:05:57] [Server thread/WARN]: [ItemsAdder] Warning: forcefully setting player resourcepack status to installed because the plugin was reloaded.
[04:05:57] [Server thread/INFO]: [ItemsAdder] [Pack] Extracting internal contents from .jar
[04:05:57] [Server thread/INFO]: [ItemsAdder] [Pack] Done extracting internal contents from .jar
[04:05:57] [Craft Scheduler Thread - 21 - ItemsAdder/INFO]: [ItemsAdder] Loaded 95 items
[04:05:57] [Craft Scheduler Thread - 21 - ItemsAdder/INFO]: [ItemsAdder] Used 0/188 REAL block IDs
[04:05:57] [Craft Scheduler Thread - 21 - ItemsAdder/INFO]: [ItemsAdder] Used 0/750 REAL_NOTE block IDs
[04:05:57] [Craft Scheduler Thread - 21 - ItemsAdder/INFO]: [ItemsAdder] Used 0/63 REAL_TRANSPARENT block IDs
[04:05:57] [Craft Scheduler Thread - 21 - ItemsAdder/INFO]: [ItemsAdder] Used 0/127 REAL_WIRE block IDs
[04:05:57] [Craft Scheduler Thread - 21 - ItemsAdder/INFO]: [ItemsAdder] Used 0/14 FIRE block IDs
[04:05:57] [Craft Scheduler Thread - 21 - ItemsAdder/INFO]: [ItemsAdder] Used 132/6608 font_images
[04:05:57] [Craft Scheduler Thread - 21 - ItemsAdder/INFO]: [ItemsAdder] [Init] Loaded 1 categories
[04:05:57] [Craft Scheduler Thread - 21 - ItemsAdder/INFO]: [ItemsAdder] [Init] Loaded successfully in 593ms
[04:05:57] [Server thread/INFO]: [PlaceholderAPI] Successfully registered internal expansion: img [1.0.1]
[04:05:57] [Server thread/INFO]: [PlaceholderAPI] Successfully registered internal expansion: iaplayerstat [1.0.1]
[04:05:57] [Server thread/INFO]: [Mythic] Reloading plugin...
[04:05:57] [Server thread/INFO]: [MythicMobs] Saving plugin data...
[04:05:57] [Server thread/INFO]: [MythicMobs] ✓Saving Finished
[04:05:57] [Server thread/INFO]: [MythicMobs] Loading Packs...
[04:05:58] [Craft Scheduler Thread - 21 - ItemsAdder/INFO]: [ItemsAdder] [Pack] Resourcepack URL is valid (lobfile). URL: https://lobfile.com/file/Rfad57E2.zip
[04:05:58] [Server thread/INFO]: [MythicMobs] Loading Items...
[04:05:58] [Server thread/INFO]: [MythicMobs] Loading Item Groups...
[04:05:58] [Server thread/INFO]: [MythicMobs] Loading Skills...
[04:05:58] [Server thread/INFO]: [MythicMobs] Loading Drop Tables...
[04:05:58] [Server thread/INFO]: [MythicMobs] Loading Random Spawns...
[04:05:58] [Server thread/INFO]: [MythicMobs] Loading Spawn Blocks...
[04:05:58] [Server thread/INFO]: [MythicMobs] ✓ Loaded 18 mobs.
[04:05:58] [Server thread/INFO]: [MythicMobs] ✓ Loaded 3 vanilla mob overrides.
[04:05:58] [Server thread/INFO]: [MythicMobs] ✓ Loaded 0 mob stacks.
[04:05:58] [Server thread/INFO]: [MythicMobs] ✓ Loaded 14 skills.
[04:05:58] [Server thread/INFO]: [MythicMobs] ✓ Loaded 2 random spawns.
[04:05:58] [Server thread/INFO]: [MythicMobs] ✓ Loaded 7 mythic items.
[04:05:58] [Server thread/INFO]: [MythicMobs] ✓ Loaded 3 drop tables.
[04:05:58] [Server thread/INFO]: [MythicMobs] ✓ Loaded 0 mob spawners.
[04:05:59] [Server thread/INFO]: [MythicMobs] Attached traits to items.
[04:05:59] [Server thread/INFO]: [Mythic] Mythic has finished reloading!
[04:05:59] [Server thread/INFO]: [MythicMobs] Mythic has finished reloading!
[04:06:37] [Server thread/INFO]: [NBTAPI] [NBTAPI] Found Minecraft: 1.21.1! Trying to find NMS support
[04:06:37] [Server thread/INFO]: [NBTAPI] [NBTAPI] NMS support 'MC1_21_R1' loaded!
[04:06:37] [Server thread/INFO]: [NBTAPI] [NBTAPI] Using the plugin 'ShopGUIPlus' to create a bStats instance!
